2025-11-10 00:04:42,781 [INFO] Activator:176 - 


2025-11-10 00:04:42,784 [INFO] Activator:177 - !SESSION log4j initialized
2025-11-10 00:04:46,329 [INFO] LogOutputStream:77 - [STDOUT_REDIRECT] 
2025-11-10 00:04:51,783 [INFO] ApplicationProperties:184 - Using Application install path: C:\ST\STM32CubeIDE_1.19.0\STM32CubeIDE\plugins\com.st.stm32cube.common.mx_6.15.0.202507011659
2025-11-10 00:04:51,796 [INFO] DbMcusXml:78 - Set database path to: C:\ST\STM32CubeIDE_1.19.0\STM32CubeIDE\plugins\com.st.stm32cube.common.mx_6.15.0.202507011659\\db\/mcu/
2025-11-10 00:04:51,796 [INFO] ApiDb:274 - Set plugin database path to: C:\ST\STM32CubeIDE_1.19.0\STM32CubeIDE\plugins\com.st.stm32cube.common.mx_6.15.0.202507011659\\db\/plugins/boardmanager/
2025-11-10 00:04:51,796 [WARN] ApiDb:259 - Overriding images path with different value:  => C:\ST\STM32CubeIDE_1.19.0\STM32CubeIDE\plugins\com.st.stm32cube.common.mx_6.15.0.202507011659\\db\/plugins/mcufinder/images/
2025-11-10 00:04:51,803 [INFO] ApiDb:250 - Set database path to: C:\Users\Admin\.stmcufinder\plugins\mcufinder//mcu/
2025-11-10 00:04:51,804 [INFO] DbMcusAds:125 - Set database path to: C:\Users\Admin\.stmcufinder\plugins\mcufinder//mcu/
2025-11-10 00:04:51,806 [INFO] CrossReferenceDbSqlite:203 - Set database path to: C:\Users\Admin\.stmcufinder\plugins\mcufinder//mcu/cs/
2025-11-10 00:04:51,875 [INFO] RulesReader:64 - Compatibility file has been processed (317 Rules)
2025-11-10 00:04:51,939 [INFO] DbMcusXml:78 - Set database path to: C:\ST\STM32CubeIDE_1.19.0\STM32CubeIDE\plugins\com.st.stm32cube.common.mx_6.15.0.202507011659\\db\/mcu/
2025-11-10 00:04:51,939 [INFO] ApiDb:274 - Set plugin database path to: C:\ST\STM32CubeIDE_1.19.0\STM32CubeIDE\plugins\com.st.stm32cube.common.mx_6.15.0.202507011659\\db\/plugins/boardmanager/
2025-11-10 00:04:51,940 [INFO] ApiDb:261 - Set plugin images path to: C:\ST\STM32CubeIDE_1.19.0\STM32CubeIDE\plugins\com.st.stm32cube.common.mx_6.15.0.202507011659\\db\/plugins/mcufinder/images/
2025-11-10 00:04:51,940 [WARN] DbFile:41 - Overriding database path with different value: C:\Users\Admin\.stmcufinder\plugins\mcufinder/ => C:\Users\Admin\.stmcufinder\plugins\mcufinder
2025-11-10 00:04:51,940 [INFO] ApiDb:250 - Set database path to: C:\Users\Admin\.stmcufinder\plugins\mcufinder//mcu/
2025-11-10 00:04:51,940 [WARN] DbFile:41 - Overriding database path with different value: C:\Users\Admin\.stmcufinder\plugins\mcufinder/ => C:\Users\Admin\.stmcufinder\plugins\mcufinder
2025-11-10 00:04:51,940 [INFO] DbMcusAds:125 - Set database path to: C:\Users\Admin\.stmcufinder\plugins\mcufinder//mcu/
2025-11-10 00:04:51,940 [WARN] DbFile:41 - Overriding database path with different value: C:\Users\Admin\.stmcufinder\plugins\mcufinder/ => C:\Users\Admin\.stmcufinder\plugins\mcufinder
2025-11-10 00:04:51,940 [WARN] DbFile:41 - Overriding database path with different value: C:\Users\Admin\.stmcufinder\plugins\mcufinder/ => C:\Users\Admin\.stmcufinder\plugins\mcufinder
2025-11-10 00:04:51,940 [INFO] CrossReferenceDbSqlite:203 - Set database path to: C:\Users\Admin\.stmcufinder\plugins\mcufinder//mcu/cs/
2025-11-10 00:04:51,989 [INFO] MainPanel:274 - HeapMemory: 268435456
2025-11-10 00:04:52,070 [INFO] DbMcusXml:78 - Set database path to: C:\ST\STM32CubeIDE_1.19.0\STM32CubeIDE\plugins\com.st.stm32cube.common.mx_6.15.0.202507011659\\db\/mcu/
2025-11-10 00:04:52,070 [INFO] ApiDb:274 - Set plugin database path to: C:\ST\STM32CubeIDE_1.19.0\STM32CubeIDE\plugins\com.st.stm32cube.common.mx_6.15.0.202507011659\\db\/plugins/boardmanager/
2025-11-10 00:04:52,070 [INFO] ApiDb:261 - Set plugin images path to: C:\ST\STM32CubeIDE_1.19.0\STM32CubeIDE\plugins\com.st.stm32cube.common.mx_6.15.0.202507011659\\db\/plugins/mcufinder/images/
2025-11-10 00:04:52,071 [WARN] DbFile:41 - Overriding database path with different value: C:\Users\Admin\.stmcufinder\plugins\mcufinder/ => C:\Users\Admin\.stmcufinder\plugins\mcufinder
2025-11-10 00:04:52,071 [INFO] ApiDb:250 - Set database path to: C:\Users\Admin\.stmcufinder\plugins\mcufinder//mcu/
2025-11-10 00:04:52,071 [WARN] DbFile:41 - Overriding database path with different value: C:\Users\Admin\.stmcufinder\plugins\mcufinder/ => C:\Users\Admin\.stmcufinder\plugins\mcufinder
2025-11-10 00:04:52,071 [INFO] DbMcusAds:125 - Set database path to: C:\Users\Admin\.stmcufinder\plugins\mcufinder//mcu/
2025-11-10 00:04:52,071 [WARN] DbFile:41 - Overriding database path with different value: C:\Users\Admin\.stmcufinder\plugins\mcufinder/ => C:\Users\Admin\.stmcufinder\plugins\mcufinder
2025-11-10 00:04:52,071 [WARN] DbFile:41 - Overriding database path with different value: C:\Users\Admin\.stmcufinder\plugins\mcufinder/ => C:\Users\Admin\.stmcufinder\plugins\mcufinder
2025-11-10 00:04:52,071 [INFO] CrossReferenceDbSqlite:203 - Set database path to: C:\Users\Admin\.stmcufinder\plugins\mcufinder//mcu/cs/
2025-11-10 00:04:52,082 [INFO] ApplicationProperties:184 - Using Application install path: C:\ST\STM32CubeIDE_1.19.0\STM32CubeIDE\plugins\com.st.stm32cube.common.mx_6.15.0.202507011659
2025-11-10 00:04:52,083 [INFO] PluginManage:196 - Search for loadable plugins [exclusion list=, ]
2025-11-10 00:04:52,083 [INFO] PluginManage:310 - Check plugin analytics
2025-11-10 00:04:57,143 [INFO] AnalyticsPlugin:253 - Accepted Software Licenses: STM32CubeMX.6.15.0
2025-11-10 00:04:57,143 [INFO] AnalyticsPlugin:255 - Accepted CMSIS Pack Licenses: 
2025-11-10 00:04:57,143 [INFO] AnalyticsPlugin:257 - Accepted Firmware Licenses: FW.F7.1.17.0
2025-11-10 00:04:57,144 [INFO] PluginManage:359 - Loaded plugin analytics (category:tool,tabindex:-1)
2025-11-10 00:04:57,144 [INFO] PluginManage:310 - Check plugin cadmodel
2025-11-10 00:04:57,148 [INFO] CADModel:105 - Init CAD model plugin
2025-11-10 00:04:57,148 [INFO] PluginManage:359 - Loaded plugin cadmodel (category:power,tabindex:5)
2025-11-10 00:04:57,148 [INFO] PluginManage:310 - Check plugin clock
2025-11-10 00:04:57,153 [INFO] PluginManage:359 - Loaded plugin clock (category:base,tabindex:2)
2025-11-10 00:04:57,154 [INFO] PluginManage:310 - Check plugin ddr
2025-11-10 00:04:57,156 [INFO] PluginManage:359 - Loaded plugin ddr (category:tool,tabindex:6)
2025-11-10 00:04:57,156 [INFO] PluginManage:310 - Check plugin filemanager
2025-11-10 00:04:57,255 [INFO] PluginManage:359 - Loaded plugin filemanager (category:base,tabindex:10)
2025-11-10 00:04:57,256 [INFO] PluginManage:310 - Check plugin ipmanager
2025-11-10 00:04:57,260 [INFO] PluginManage:359 - Loaded plugin ipmanager (category:base,tabindex:5)
2025-11-10 00:04:57,260 [INFO] PluginManage:310 - Check plugin lpbam
2025-11-10 00:04:57,265 [INFO] PluginManage:359 - Loaded plugin lpbam (category:base,tabindex:0)
2025-11-10 00:04:57,266 [INFO] PluginManage:310 - Check plugin memorymap
2025-11-10 00:04:57,275 [INFO] PluginManage:359 - Loaded plugin memorymap (category:base,tabindex:4)
2025-11-10 00:04:57,276 [INFO] PluginManage:310 - Check plugin pinoutandconfiguration
2025-11-10 00:04:57,282 [INFO] PluginManage:359 - Loaded plugin pinoutandconfiguration (category:base,tabindex:1)
2025-11-10 00:04:57,282 [INFO] PluginManage:310 - Check plugin pinoutconfig
2025-11-10 00:04:57,334 [WARN] SupportedApi:132 - Cannot load RTOS API schema: s4s-elt-must-match.1: The content of 'definitions' must match (annotation?, (simpleType | complexType)?, (unique | key | keyref)*)). A problem was found starting at: attribute.
2025-11-10 00:04:57,419 [INFO] PluginManage:359 - Loaded plugin pinoutconfig (category:base,tabindex:0)
2025-11-10 00:04:57,420 [INFO] PluginManage:310 - Check plugin power
2025-11-10 00:04:57,425 [INFO] PluginManage:359 - Loaded plugin power (category:power,tabindex:4)
2025-11-10 00:04:57,425 [INFO] PluginManage:310 - Check plugin projectmanager
2025-11-10 00:04:57,434 [INFO] PluginManage:359 - Loaded plugin projectmanager (category:projectmanager,tabindex:4)
2025-11-10 00:04:57,434 [INFO] PluginManage:310 - Check plugin rif
2025-11-10 00:04:57,442 [INFO] PluginManage:359 - Loaded plugin rif (category:base,tabindex:3)
2025-11-10 00:04:57,442 [INFO] PluginManage:310 - Check plugin thirdparty
2025-11-10 00:04:57,531 [INFO] PluginManage:359 - Loaded plugin thirdparty (category:base,tabindex:-1)
2025-11-10 00:04:57,531 [WARN] IntegrityCheckThread:84 - waiting for thirdparty lock release [integrity check]
2025-11-10 00:04:57,531 [INFO] PluginManage:310 - Check plugin tools
2025-11-10 00:04:57,531 [INFO] IntegrityCheckThread:86 - entering critical section [integrity check]
2025-11-10 00:04:57,531 [INFO] ThirdPartyUpdaterWithRetryManager:70 - Updater plugin not ready yet. [1/15]
2025-11-10 00:04:57,533 [INFO] PluginManage:359 - Loaded plugin tools (category:base,tabindex:7)
2025-11-10 00:04:57,534 [INFO] PluginManage:310 - Check plugin tutovideos
2025-11-10 00:04:57,661 [INFO] PluginManage:359 - Loaded plugin tutovideos (category:base,tabindex:-1)
2025-11-10 00:04:57,662 [INFO] PluginManage:310 - Check plugin updater
2025-11-10 00:04:57,677 [INFO] PluginManage:359 - Loaded plugin updater (category:base,tabindex:12)
2025-11-10 00:04:57,678 [INFO] PluginManage:310 - Check plugin userauth
2025-11-10 00:04:57,680 [INFO] UserAuth:118 - Init User Auth plugin
2025-11-10 00:04:57,681 [INFO] PluginManage:359 - Loaded plugin userauth (category:base,tabindex:14)
2025-11-10 00:04:57,681 [INFO] PluginManage:283 - PluginManage : Loaded plugins [18]
2025-11-10 00:04:57,812 [INFO] PinOutPanel:1589 - setPackage(No Configuration,No Configuration)
2025-11-10 00:04:57,867 [INFO] CADModel:165 - CPN selected for project level
2025-11-10 00:04:57,867 [INFO] CADModel:114 - Register for checkConnection events
2025-11-10 00:04:57,881 [INFO] IPUIPlugin:80 - create IPUIPlugin
2025-11-10 00:04:57,881 [INFO] PluginManager:220 - loadIPPluginJar : add adc
2025-11-10 00:04:57,883 [INFO] IPUIPlugin:80 - create IPUIPlugin
2025-11-10 00:04:57,883 [INFO] PluginManager:220 - loadIPPluginJar : add aes
2025-11-10 00:04:57,885 [INFO] IPUIPlugin:80 - create IPUIPlugin
2025-11-10 00:04:57,885 [INFO] PluginManager:220 - loadIPPluginJar : add can
2025-11-10 00:04:57,886 [INFO] IPUIPlugin:80 - create IPUIPlugin
2025-11-10 00:04:57,886 [INFO] PluginManager:220 - loadIPPluginJar : add comp
2025-11-10 00:04:57,887 [INFO] IPUIPlugin:80 - create IPUIPlugin
2025-11-10 00:04:57,887 [INFO] PluginManager:220 - loadIPPluginJar : add cryp
2025-11-10 00:04:57,889 [INFO] IPUIPlugin:80 - create IPUIPlugin
2025-11-10 00:04:57,889 [INFO] PluginManager:220 - loadIPPluginJar : add ddr_ctrl_phy
2025-11-10 00:04:57,891 [INFO] IPUIPlugin:80 - create IPUIPlugin
2025-11-10 00:04:57,891 [INFO] PluginManager:220 - loadIPPluginJar : add dfsdm
2025-11-10 00:04:57,895 [INFO] IPUIPlugin:80 - create IPUIPlugin
2025-11-10 00:04:57,895 [INFO] PluginManager:220 - loadIPPluginJar : add dma
2025-11-10 00:04:57,897 [INFO] IPUIPlugin:80 - create IPUIPlugin
2025-11-10 00:04:57,897 [INFO] PluginManager:220 - loadIPPluginJar : add dma3
2025-11-10 00:04:57,899 [INFO] IPUIPlugin:80 - create IPUIPlugin
2025-11-10 00:04:57,899 [INFO] PluginManager:220 - loadIPPluginJar : add extmemmanager
2025-11-10 00:04:57,900 [INFO] IPUIPlugin:80 - create IPUIPlugin
2025-11-10 00:04:57,900 [INFO] PluginManager:220 - loadIPPluginJar : add fatfs
2025-11-10 00:04:57,903 [INFO] IPUIPlugin:80 - create IPUIPlugin
2025-11-10 00:04:57,903 [INFO] PluginManager:220 - loadIPPluginJar : add fmc
2025-11-10 00:04:57,907 [INFO] IPUIPlugin:80 - create IPUIPlugin
2025-11-10 00:04:57,907 [INFO] PluginManager:220 - loadIPPluginJar : add freertos
2025-11-10 00:04:57,908 [INFO] IPUIPlugin:80 - create IPUIPlugin
2025-11-10 00:04:57,908 [INFO] PluginManager:220 - loadIPPluginJar : add genericplugin
2025-11-10 00:04:57,910 [INFO] IPUIPlugin:80 - create IPUIPlugin
2025-11-10 00:04:57,910 [INFO] PluginManager:220 - loadIPPluginJar : add gfxmmu
2025-11-10 00:04:57,913 [INFO] IPUIPlugin:80 - create IPUIPlugin
2025-11-10 00:04:57,913 [INFO] PluginManager:220 - loadIPPluginJar : add gic
2025-11-10 00:04:57,916 [INFO] IPUIPlugin:80 - create IPUIPlugin
2025-11-10 00:04:57,916 [INFO] PluginManager:220 - loadIPPluginJar : add gpio
2025-11-10 00:04:57,917 [INFO] IPUIPlugin:80 - create IPUIPlugin
2025-11-10 00:04:57,918 [INFO] PluginManager:220 - loadIPPluginJar : add gtzc
2025-11-10 00:04:57,919 [INFO] IPUIPlugin:80 - create IPUIPlugin
2025-11-10 00:04:57,919 [INFO] PluginManager:220 - loadIPPluginJar : add hash
2025-11-10 00:04:57,921 [INFO] IPUIPlugin:80 - create IPUIPlugin
2025-11-10 00:04:57,921 [INFO] PluginManager:220 - loadIPPluginJar : add i2c
2025-11-10 00:04:57,922 [INFO] IPUIPlugin:80 - create IPUIPlugin
2025-11-10 00:04:57,922 [INFO] PluginManager:220 - loadIPPluginJar : add i2s
2025-11-10 00:04:57,923 [INFO] IPUIPlugin:80 - create IPUIPlugin
2025-11-10 00:04:57,925 [INFO] PluginManager:220 - loadIPPluginJar : add i3c
2025-11-10 00:04:57,927 [INFO] IPUIPlugin:80 - create IPUIPlugin
2025-11-10 00:04:57,927 [INFO] PluginManager:220 - loadIPPluginJar : add ipddr
2025-11-10 00:04:57,931 [INFO] IPUIPlugin:80 - create IPUIPlugin
2025-11-10 00:04:57,931 [INFO] PluginManager:220 - loadIPPluginJar : add linkedlist
2025-11-10 00:04:57,933 [INFO] IPUIPlugin:80 - create IPUIPlugin
2025-11-10 00:04:57,934 [INFO] PluginManager:220 - loadIPPluginJar : add lorawan
2025-11-10 00:04:57,935 [INFO] IPUIPlugin:80 - create IPUIPlugin
2025-11-10 00:04:57,935 [INFO] PluginManager:220 - loadIPPluginJar : add ltdc
2025-11-10 00:04:57,938 [INFO] IPUIPlugin:80 - create IPUIPlugin
2025-11-10 00:04:57,939 [INFO] PluginManager:220 - loadIPPluginJar : add mdma
2025-11-10 00:04:57,941 [INFO] IPUIPlugin:80 - create IPUIPlugin
2025-11-10 00:04:57,941 [INFO] PluginManager:220 - loadIPPluginJar : add nvic
2025-11-10 00:04:57,943 [INFO] IPUIPlugin:80 - create IPUIPlugin
2025-11-10 00:04:57,943 [INFO] PluginManager:220 - loadIPPluginJar : add opamp
2025-11-10 00:04:57,946 [INFO] IPUIPlugin:80 - create IPUIPlugin
2025-11-10 00:04:57,946 [INFO] PluginManager:220 - loadIPPluginJar : add openamp
2025-11-10 00:04:57,948 [INFO] IPUIPlugin:80 - create IPUIPlugin
2025-11-10 00:04:57,948 [INFO] PluginManager:220 - loadIPPluginJar : add pdm2pcm
2025-11-10 00:04:57,952 [INFO] IPUIPlugin:80 - create IPUIPlugin
2025-11-10 00:04:57,954 [INFO] PluginManager:220 - loadIPPluginJar : add plateformsettings
2025-11-10 00:04:57,956 [INFO] IPUIPlugin:80 - create IPUIPlugin
2025-11-10 00:04:57,956 [INFO] PluginManager:220 - loadIPPluginJar : add quadspi
2025-11-10 00:04:57,957 [INFO] IPUIPlugin:80 - create IPUIPlugin
2025-11-10 00:04:57,957 [INFO] PluginManager:220 - loadIPPluginJar : add radio
2025-11-10 00:04:57,960 [INFO] IPUIPlugin:80 - create IPUIPlugin
2025-11-10 00:04:57,960 [INFO] PluginManager:220 - loadIPPluginJar : add resmgrutility
2025-11-10 00:04:57,963 [INFO] IPUIPlugin:80 - create IPUIPlugin
2025-11-10 00:04:57,963 [INFO] PluginManager:220 - loadIPPluginJar : add sai
2025-11-10 00:04:57,964 [INFO] IPUIPlugin:80 - create IPUIPlugin
2025-11-10 00:04:57,964 [INFO] PluginManager:220 - loadIPPluginJar : add spi
2025-11-10 00:04:57,968 [INFO] IPUIPlugin:80 - create IPUIPlugin
2025-11-10 00:04:57,968 [INFO] PluginManager:220 - loadIPPluginJar : add stm32_wpan
2025-11-10 00:04:57,969 [INFO] IPUIPlugin:80 - create IPUIPlugin
2025-11-10 00:04:57,969 [INFO] PluginManager:220 - loadIPPluginJar : add tim
2025-11-10 00:04:57,971 [INFO] IPUIPlugin:80 - create IPUIPlugin
2025-11-10 00:04:57,971 [INFO] PluginManager:220 - loadIPPluginJar : add touchsensing
2025-11-10 00:04:57,972 [INFO] IPUIPlugin:80 - create IPUIPlugin
2025-11-10 00:04:57,972 [INFO] PluginManager:220 - loadIPPluginJar : add tracer_emb
2025-11-10 00:04:57,973 [INFO] IPUIPlugin:80 - create IPUIPlugin
2025-11-10 00:04:57,973 [INFO] PluginManager:220 - loadIPPluginJar : add ts
2025-11-10 00:04:57,974 [INFO] IPUIPlugin:80 - create IPUIPlugin
2025-11-10 00:04:57,974 [INFO] PluginManager:220 - loadIPPluginJar : add tsc
2025-11-10 00:04:57,975 [INFO] IPUIPlugin:80 - create IPUIPlugin
2025-11-10 00:04:57,975 [INFO] PluginManager:220 - loadIPPluginJar : add ucpd
2025-11-10 00:04:57,977 [INFO] IPUIPlugin:80 - create IPUIPlugin
2025-11-10 00:04:57,977 [INFO] PluginManager:220 - loadIPPluginJar : add usart
2025-11-10 00:04:57,979 [INFO] IPUIPlugin:80 - create IPUIPlugin
2025-11-10 00:04:57,979 [INFO] PluginManager:220 - loadIPPluginJar : add usbx
2025-11-10 00:04:58,098 [FATAL] Updater:351 - Updater called before beeing initialized
2025-11-10 00:04:58,115 [INFO] RulesReader:64 - Compatibility file has been processed (317 Rules)
2025-11-10 00:04:58,122 [INFO] RulesReader:64 - Compatibility file has been processed (317 Rules)
2025-11-10 00:04:58,129 [INFO] CADModel:165 - CPN selected for project level
2025-11-10 00:04:58,129 [INFO] CADModel:114 - Register for checkConnection events
2025-11-10 00:04:58,129 [FATAL] Updater:351 - Updater called before beeing initialized
2025-11-10 00:04:58,129 [ERROR] CADModel:125 - Updater not yet initialized, retry later 
2025-11-10 00:04:58,227 [FATAL] Updater:351 - Updater called before beeing initialized
2025-11-10 00:04:58,229 [INFO] CADModel:165 - CPN selected for project level
2025-11-10 00:04:58,229 [INFO] CADModel:114 - Register for checkConnection events
2025-11-10 00:04:58,229 [FATAL] Updater:351 - Updater called before beeing initialized
2025-11-10 00:04:58,229 [ERROR] CADModel:125 - Updater not yet initialized, retry later 
2025-11-10 00:04:58,232 [FATAL] Updater:351 - Updater called before beeing initialized
2025-11-10 00:04:58,305 [FATAL] Updater:351 - Updater called before beeing initialized
2025-11-10 00:04:58,307 [INFO] DbMcusAds:53 - JSON generation date=Fri Nov 07 18:13:48 ICT 2025 (1762514028606)
2025-11-10 00:04:58,307 [FATAL] Updater:351 - Updater called before beeing initialized
2025-11-10 00:04:58,336 [WARN] DetailPanel:346 - Failed to get advertising image, set to default
2025-11-10 00:04:58,389 [FATAL] Updater:351 - Updater called before beeing initialized
2025-11-10 00:04:58,390 [FATAL] Updater:351 - Updater called before beeing initialized
2025-11-10 00:04:58,390 [FATAL] Updater:351 - Updater called before beeing initialized
2025-11-10 00:04:58,390 [WARN] DetailPanel:346 - Failed to get advertising image, set to default
2025-11-10 00:04:58,390 [FATAL] Updater:351 - Updater called before beeing initialized
2025-11-10 00:04:58,422 [ERROR] Updater:1198 - MainUpdater not yet initialized. External WinMGr cannot be set.
2025-11-10 00:04:58,423 [INFO] Updater:1134 - Updater Version found : 6.15.0
2025-11-10 00:04:58,435 [INFO] ApplicationProperties:184 - Using Application install path: C:\ST\STM32CubeIDE_1.19.0\STM32CubeIDE\plugins\com.st.stm32cube.common.mx_6.15.0.202507011659
2025-11-10 00:05:00,035 [ERROR] LogOutputStream:75 - [STDERR_REDIRECT] Nov 10, 2025 12:05:00 AM java.util.prefs.WindowsPreferences <init>
2025-11-10 00:05:00,035 [ERROR] LogOutputStream:75 - [STDERR_REDIRECT] WARNING: Could not open/create prefs root node Software\JavaSoft\Prefs at root 0xffffffff80000002. Windows RegCreateKeyEx(...) returned error code 5.
2025-11-10 00:05:00,035 [ERROR] LogOutputStream:75 - [STDERR_REDIRECT] 
2025-11-10 00:05:00,289 [INFO] MainUpdater:2872 - connection check result : 10
2025-11-10 00:05:00,290 [INFO] MainUpdater:289 - Updater Check For Update Now.
2025-11-10 00:05:00,290 [INFO] MicroXplorer:498 - Change Database Version : DB.6.0.150
2025-11-10 00:05:00,293 [INFO] McuFinderGlobals:63 - Set McuFinder mode to 2 (CubeIDE integrated)
2025-11-10 00:05:00,295 [INFO] UserAuth:487 - Internet connection configuration mode: 1
2025-11-10 00:05:00,320 [INFO] JxBrowserEngine:152 - Initiate JxBrowser Engine with user profile folder
2025-11-10 00:05:00,456 [INFO] CheckServerUpdateThread:120 - End of CheckServer Thread
2025-11-10 00:05:00,708 [WARN] PackLoader:240 - Cannot read IP mode file for STMicroelectronics.FP-SNS-MOTENVWB1.1.4.0
2025-11-10 00:05:00,713 [WARN] PackLoader:240 - Cannot read IP mode file for STMicroelectronics.FP-ATR-ASTRA1.2.0.2
2025-11-10 00:05:00,719 [WARN] PackLoader:240 - Cannot read IP mode file for STMicroelectronics.X-CUBE-SMBUS.2.1.0
2025-11-10 00:05:00,722 [WARN] PackLoader:240 - Cannot read IP mode file for STMicroelectronics.X-CUBE-ST60.1.0.0
2025-11-10 00:05:00,741 [WARN] PackLoader:240 - Cannot read IP mode file for STMicroelectronics.X-CUBE-AZRTOS-F7.1.1.0
2025-11-10 00:05:00,749 [WARN] PackLoader:240 - Cannot read IP mode file for STMicroelectronics.FP-SNS-MOTENV1.5.1.0
2025-11-10 00:05:00,757 [WARN] PackLoader:240 - Cannot read IP mode file for WES.I-CUBE-Cesium.1.4.0
2025-11-10 00:05:00,771 [WARN] PackLoader:240 - Cannot read IP mode file for Infineon.AIROC-Wi-Fi-Bluetooth-STM32.1.7.1
2025-11-10 00:05:00,786 [WARN] PackLoader:240 - Cannot read IP mode file for STMicroelectronics.X-CUBE-AZRTOS-H7.3.4.0
2025-11-10 00:05:00,793 [WARN] PackLoader:240 - Cannot read IP mode file for STMicroelectronics.X-CUBE-DISPLAY.3.0.0
2025-11-10 00:05:00,802 [WARN] PackLoader:240 - Cannot read IP mode file for STMicroelectronics.X-CUBE-NFC10.1.0.0
2025-11-10 00:05:00,806 [WARN] PackLoader:240 - Cannot read IP mode file for STMicroelectronics.X-CUBE-ST60.1.1.0
2025-11-10 00:05:00,809 [WARN] PackLoader:240 - Cannot read IP mode file for emotas.I-CUBE-CANOPEN.1.3.0
2025-11-10 00:05:00,814 [WARN] PackLoader:240 - Cannot read IP mode file for STMicroelectronics.X-CUBE-GNSS1.7.1.0
2025-11-10 00:05:00,819 [WARN] PackLoader:240 - Cannot read IP mode file for STMicroelectronics.FP-SNS-STBOX1.2.1.0
2025-11-10 00:05:00,823 [WARN] PackLoader:240 - Cannot read IP mode file for STMicroelectronics.FP-SNS-SMARTAG2.1.2.0
2025-11-10 00:05:00,825 [WARN] PackLoader:240 - Cannot read IP mode file for STMicroelectronics.FP-SNS-FLIGHT1.5.1.0
2025-11-10 00:05:00,831 [INFO] LogOutputStream:77 - [STDOUT_REDIRECT] 1 : Invalid condition id : UX_CORESTACK_Condition cause : null
2025-11-10 00:05:00,832 [INFO] LogOutputStream:77 - [STDOUT_REDIRECT] 1 : Invalid condition id : UX_CORESTACK_Condition cause : null
2025-11-10 00:05:00,833 [INFO] LogOutputStream:77 - [STDOUT_REDIRECT] 1 : Invalid condition id : UX_CORESTACK_Condition cause : null
2025-11-10 00:05:00,833 [INFO] LogOutputStream:77 - [STDOUT_REDIRECT] 1 : Invalid condition id : UX_CORESTACK_Condition cause : null
2025-11-10 00:05:00,834 [INFO] LogOutputStream:77 - [STDOUT_REDIRECT] 1 : Invalid condition id : UX_CORESTACK_Condition cause : null
2025-11-10 00:05:00,835 [WARN] PackLoader:240 - Cannot read IP mode file for STMicroelectronics.X-CUBE-AZRTOS-WL.2.0.0
2025-11-10 00:05:00,839 [WARN] PackLoader:240 - Cannot read IP mode file for STMicroelectronics.FP-SNS-MOTENV1.5.0.0
2025-11-10 00:05:00,843 [WARN] PackLoader:240 - Cannot read IP mode file for STMicroelectronics.X-CUBE-BLE2.3.3.0
2025-11-10 00:05:00,848 [WARN] PackLoader:240 - Cannot read IP mode file for STMicroelectronics.X-CUBE-NFC9.1.0.0
2025-11-10 00:05:00,852 [WARN] PackLoader:240 - Cannot read IP mode file for wolfSSL.I-CUBE-wolfSSL.5.8.2
2025-11-10 00:05:00,855 [WARN] PackLoader:240 - Cannot read IP mode file for STMicroelectronics.X-CUBE-BLE1.7.1.0
2025-11-10 00:05:00,858 [WARN] PackLoader:240 - Cannot read IP mode file for wolfSSL.I-CUBE-wolfMQTT.1.19.2
2025-11-10 00:05:00,862 [WARN] PackLoader:240 - Cannot read IP mode file for STMicroelectronics.X-CUBE-EEPRMA1.5.2.0
2025-11-10 00:05:00,871 [WARN] PackLoader:240 - Cannot read IP mode file for STMicroelectronics.X-CUBE-ST67W61.1.1.0
2025-11-10 00:05:00,882 [WARN] PackLoader:240 - Cannot read IP mode file for STMicroelectronics.X-CUBE-AZRTOS-G0.1.1.0
2025-11-10 00:05:00,886 [WARN] PackLoader:240 - Cannot read IP mode file for STMicroelectronics.X-CUBE-SAFEA1.1.2.2
2025-11-10 00:05:00,967 [WARN] PackLoader:240 - Cannot read IP mode file for STMicroelectronics.X-CUBE-NFC4.3.0.0
2025-11-10 00:05:00,973 [WARN] PackLoader:240 - Cannot read IP mode file for EmbeddedOffice.I-CUBE-FS-RTOS.1.0.1
2025-11-10 00:05:00,977 [WARN] PackLoader:240 - Cannot read IP mode file for STMicroelectronics.X-CUBE-WB05N.2.0.0
2025-11-10 00:05:00,980 [WARN] PackLoader:240 - Cannot read IP mode file for wolfSSL.I-CUBE-wolfTPM.3.8.0
2025-11-10 00:05:00,984 [WARN] PackLoader:240 - Cannot read IP mode file for STMicroelectronics.X-CUBE-TCPP.4.2.0
2025-11-10 00:05:00,987 [WARN] PackLoader:240 - Cannot read IP mode file for RealThread.X-CUBE-RT-Thread_Nano.4.1.1
2025-11-10 00:05:00,990 [WARN] PackLoader:240 - Cannot read IP mode file for STMicroelectronics.FP-ATR-SIGFOX1.3.2.0
2025-11-10 00:05:00,994 [WARN] PackLoader:240 - Cannot read IP mode file for ITTIA_DB.I-CUBE-ITTIADB.8.9.0
2025-11-10 00:05:00,999 [WARN] PackLoader:240 - Cannot read IP mode file for STMicroelectronics.X-CUBE-ST67W61.1.0.0
2025-11-10 00:05:01,002 [WARN] PackLoader:240 - Cannot read IP mode file for STMicroelectronics.X-CUBE-AI.10.2.0
2025-11-10 00:05:01,016 [WARN] PackLoader:240 - Cannot read IP mode file for SEGGER.I-CUBE-embOS.1.3.1
2025-11-10 00:05:01,041 [WARN] PackLoader:240 - Cannot read IP mode file for STMicroelectronics.X-CUBE-ALGOBUILD.1.4.0
2025-11-10 00:05:01,064 [WARN] PackLoader:240 - Cannot read IP mode file for STMicroelectronics.X-CUBE-MEMS1.11.3.0
2025-11-10 00:05:01,148 [WARN] PackLoader:240 - Cannot read IP mode file for STMicroelectronics.X-CUBE-PM33A1.1.0.0
2025-11-10 00:05:01,158 [WARN] PackLoader:240 - Cannot read IP mode file for STMicroelectronics.X-CUBE-AZRTOS-F4.1.1.0
2025-11-10 00:05:01,166 [WARN] PackLoader:240 - Cannot read IP mode file for Avnet-IotConnect.X-CUBE-IoTC-DA16k-PMOD.1.0.0
2025-11-10 00:05:01,173 [WARN] PackLoader:240 - Cannot read IP mode file for STMicroelectronics.X-CUBE-ISPU.2.1.0
2025-11-10 00:05:01,183 [WARN] PackLoader:240 - Cannot read IP mode file for STMicroelectronics.X-CUBE-IPS.3.2.0
2025-11-10 00:05:01,190 [WARN] PackLoader:240 - Cannot read IP mode file for STMicroelectronics.X-CUBE-NFC12.1.0.0
2025-11-10 00:05:01,199 [WARN] PackLoader:240 - Cannot read IP mode file for STMicroelectronics.X-CUBE-AZRTOS-L5.2.0.0
2025-11-10 00:05:01,204 [WARN] PackLoader:240 - Cannot read IP mode file for STMicroelectronics.X-CUBE-NFC6.3.1.0
2025-11-10 00:05:01,207 [WARN] PackLoader:240 - Cannot read IP mode file for STMicroelectronics.X-CUBE-FREERTOS.1.3.1
2025-11-10 00:05:01,214 [WARN] PackLoader:240 - Cannot read IP mode file for STMicroelectronics.X-CUBE-TOUCHGFX.4.26.0
2025-11-10 00:05:01,237 [WARN] PackLoader:240 - Cannot read IP mode file for STMicroelectronics.FP-SNS-STAIOTCFT.1.0.0
2025-11-10 00:05:01,241 [WARN] PackLoader:240 - Cannot read IP mode file for STMicroelectronics.X-CUBE-DPower.1.3.0
2025-11-10 00:05:01,249 [WARN] ConditionMgr:438 - getConditionDescription Invalid condition id : LAN8742 Phy interface Condition cause : null
2025-11-10 00:05:01,249 [WARN] PackLoader:240 - Cannot read IP mode file for STMicroelectronics.X-CUBE-AZRTOS-L4.2.0.0
2025-11-10 00:05:01,250 [WARN] ConditionMgr:1044 - genDependencies : Invalid condition id : LAN8742 Phy interface Condition cause : null
2025-11-10 00:05:01,250 [WARN] ConditionMgr:1044 - genDependencies : Invalid condition id : LAN8742 Phy interface Condition cause : null
2025-11-10 00:05:01,250 [WARN] ConditionMgr:1044 - genDependencies : Invalid condition id : LAN8742 Phy interface Condition cause : null
2025-11-10 00:05:01,254 [WARN] PackLoader:240 - Cannot read IP mode file for STMicroelectronics.X-CUBE-SFXS2LP1.4.0.0
2025-11-10 00:05:01,261 [WARN] PackLoader:240 - Cannot read IP mode file for STMicroelectronics.X-CUBE-BLEMGR.4.1.0
2025-11-10 00:05:01,270 [WARN] ConditionMgr:438 - getConditionDescription Invalid condition id : UX DEVICE CLASS RTOS Condition cause : null
2025-11-10 00:05:01,270 [WARN] ConditionMgr:438 - getConditionDescription Invalid condition id : UX DEVICE CLASS RTOS Condition cause : null
2025-11-10 00:05:01,271 [WARN] PackLoader:240 - Cannot read IP mode file for STMicroelectronics.X-CUBE-AZRTOS-WB.2.0.0
2025-11-10 00:05:01,271 [WARN] ConditionMgr:1044 - genDependencies : Invalid condition id : UX DEVICE CLASS RTOS Condition cause : null
2025-11-10 00:05:01,271 [WARN] ConditionMgr:1044 - genDependencies : Invalid condition id : UX DEVICE CLASS RTOS Condition cause : null
2025-11-10 00:05:01,272 [WARN] ConditionMgr:1044 - genDependencies : Invalid condition id : UX DEVICE CLASS RTOS Condition cause : null
2025-11-10 00:05:01,272 [WARN] ConditionMgr:1044 - genDependencies : Invalid condition id : UX DEVICE CLASS RTOS Condition cause : null
2025-11-10 00:05:01,272 [WARN] ConditionMgr:1044 - genDependencies : Invalid condition id : UX DEVICE CLASS RTOS Condition cause : null
2025-11-10 00:05:01,275 [WARN] PackLoader:240 - Cannot read IP mode file for STMicroelectronics.X-CUBE-GNSS1.7.0.1
2025-11-10 00:05:01,278 [WARN] PackLoader:240 - Cannot read IP mode file for STMicroelectronics.X-CUBE-TOUCHGFX.4.25.0
2025-11-10 00:05:01,281 [WARN] ConditionMgr:438 - getConditionDescription Invalid condition id : Cortex-A Device cause : null
2025-11-10 00:05:01,291 [WARN] ConditionMgr:1044 - genDependencies : Invalid condition id : Cortex-A Device cause : null
2025-11-10 00:05:01,291 [WARN] ConditionMgr:1044 - genDependencies : Invalid condition id : Cortex-A Device cause : null
2025-11-10 00:05:01,291 [WARN] ConditionMgr:1044 - genDependencies : Invalid condition id : Cortex-A Device cause : null
2025-11-10 00:05:01,296 [WARN] PackLoader:240 - Cannot read IP mode file for STMicroelectronics.X-CUBE-SUBG2.5.0.0
2025-11-10 00:05:01,307 [WARN] PackLoader:240 - Cannot read IP mode file for STMicroelectronics.X-CUBE-AZRTOS-H7RS.1.1.0
2025-11-10 00:05:01,313 [WARN] PackLoader:240 - Cannot read IP mode file for Cesanta.I-CUBE-Mongoose.7.13.0
2025-11-10 00:05:01,319 [WARN] PackLoader:240 - Cannot read IP mode file for STMicroelectronics.X-CUBE-AZRTOS-G4.2.0.0
2025-11-10 00:05:01,323 [WARN] PackLoader:240 - Cannot read IP mode file for wolfSSL.I-CUBE-wolfSSH.1.4.20
2025-11-10 00:05:01,325 [WARN] PackLoader:240 - Cannot read IP mode file for STMicroelectronics.X-CUBE-NFC7.2.0.0
2025-11-10 00:05:01,333 [WARN] PackLoader:240 - Cannot read IP mode file for STMicroelectronics.X-CUBE-IPS.3.1.0
2025-11-10 00:05:01,339 [WARN] PackLoader:240 - Cannot read IP mode file for STMicroelectronics.X-CUBE-ALS.1.0.2
2025-11-10 00:05:01,343 [WARN] PackLoader:240 - Cannot read IP mode file for STMicroelectronics.X-CUBE-STSE01.1.0.0
2025-11-10 00:05:01,346 [WARN] PackLoader:240 - Cannot read IP mode file for portGmbH.I-Cube-SoM-uGOAL.1.1.0
2025-11-10 00:05:01,352 [WARN] PackLoader:240 - Cannot read IP mode file for STMicroelectronics.X-CUBE-TOF1.3.4.3
2025-11-10 00:05:01,357 [INFO] ThirdParty:978 - Integrity check success = true
2025-11-10 00:05:01,357 [INFO] IntegrityCheckThread:100 - exiting critical section [integrity check]
2025-11-10 00:05:01,357 [INFO] IntegrityCheckThread:103 - End integrity checks thread
2025-11-10 00:05:01,452 [INFO] WebApp:169 - Instantiating new browser for Auth
2025-11-10 00:05:01,863 [INFO] WebApp:463 - Apply proxy settings
2025-11-10 00:05:01,863 [INFO] WebApp:548 - Chromium requires no authentication
2025-11-10 00:05:01,869 [INFO] WebApp:491 - Direct internet connection detected
2025-11-10 00:05:01,887 [INFO] WebApp:900 - Register for checkConnection events
2025-11-10 00:05:01,888 [INFO] WebApp:463 - Apply proxy settings
2025-11-10 00:05:01,888 [INFO] WebApp:548 - Chromium requires no authentication
2025-11-10 00:05:01,888 [INFO] WebApp:491 - Direct internet connection detected
2025-11-10 00:05:02,010 [INFO] WebApp:225 - Starting web application
2025-11-10 00:05:02,010 [INFO] WebApp:593 - Web application path used C:\ST\STM32CubeIDE_1.19.0\STM32CubeIDE\plugins\com.st.stm32cube.common.mx_6.15.0.202507011659\db\plugins\mcufinder\reactClient1\index.html
2025-11-10 00:05:02,104 [INFO] UserAuth:487 - Internet connection configuration mode: 1
2025-11-10 00:05:02,229 [INFO] WebApp:191 - Connection restablished
2025-11-10 03:44:30,323 [INFO] WebApp:403 - JxBrowser engine has been closed 
2025-11-10 21:11:52,542 [INFO] Activator:176 - 


2025-11-10 21:11:52,543 [INFO] Activator:177 - !SESSION log4j initialized
2025-11-10 21:11:55,967 [INFO] LogOutputStream:77 - [STDOUT_REDIRECT] 
2025-11-10 21:12:01,680 [INFO] ApplicationProperties:184 - Using Application install path: C:\ST\STM32CubeIDE_1.19.0\STM32CubeIDE\plugins\com.st.stm32cube.common.mx_6.15.0.202507011659
2025-11-10 21:12:01,692 [INFO] DbMcusXml:78 - Set database path to: C:\ST\STM32CubeIDE_1.19.0\STM32CubeIDE\plugins\com.st.stm32cube.common.mx_6.15.0.202507011659\\db\/mcu/
2025-11-10 21:12:01,692 [INFO] ApiDb:274 - Set plugin database path to: C:\ST\STM32CubeIDE_1.19.0\STM32CubeIDE\plugins\com.st.stm32cube.common.mx_6.15.0.202507011659\\db\/plugins/boardmanager/
2025-11-10 21:12:01,692 [WARN] ApiDb:259 - Overriding images path with different value:  => C:\ST\STM32CubeIDE_1.19.0\STM32CubeIDE\plugins\com.st.stm32cube.common.mx_6.15.0.202507011659\\db\/plugins/mcufinder/images/
2025-11-10 21:12:01,695 [INFO] ApiDb:250 - Set database path to: C:\Users\Admin\.stmcufinder\plugins\mcufinder//mcu/
2025-11-10 21:12:01,696 [INFO] DbMcusAds:125 - Set database path to: C:\Users\Admin\.stmcufinder\plugins\mcufinder//mcu/
2025-11-10 21:12:01,697 [INFO] CrossReferenceDbSqlite:203 - Set database path to: C:\Users\Admin\.stmcufinder\plugins\mcufinder//mcu/cs/
2025-11-10 21:12:01,758 [INFO] RulesReader:64 - Compatibility file has been processed (317 Rules)
2025-11-10 21:12:01,812 [INFO] DbMcusXml:78 - Set database path to: C:\ST\STM32CubeIDE_1.19.0\STM32CubeIDE\plugins\com.st.stm32cube.common.mx_6.15.0.202507011659\\db\/mcu/
2025-11-10 21:12:01,813 [INFO] ApiDb:274 - Set plugin database path to: C:\ST\STM32CubeIDE_1.19.0\STM32CubeIDE\plugins\com.st.stm32cube.common.mx_6.15.0.202507011659\\db\/plugins/boardmanager/
2025-11-10 21:12:01,813 [INFO] ApiDb:261 - Set plugin images path to: C:\ST\STM32CubeIDE_1.19.0\STM32CubeIDE\plugins\com.st.stm32cube.common.mx_6.15.0.202507011659\\db\/plugins/mcufinder/images/
2025-11-10 21:12:01,813 [WARN] DbFile:41 - Overriding database path with different value: C:\Users\Admin\.stmcufinder\plugins\mcufinder/ => C:\Users\Admin\.stmcufinder\plugins\mcufinder
2025-11-10 21:12:01,813 [INFO] ApiDb:250 - Set database path to: C:\Users\Admin\.stmcufinder\plugins\mcufinder//mcu/
2025-11-10 21:12:01,813 [WARN] DbFile:41 - Overriding database path with different value: C:\Users\Admin\.stmcufinder\plugins\mcufinder/ => C:\Users\Admin\.stmcufinder\plugins\mcufinder
2025-11-10 21:12:01,813 [INFO] DbMcusAds:125 - Set database path to: C:\Users\Admin\.stmcufinder\plugins\mcufinder//mcu/
2025-11-10 21:12:01,813 [WARN] DbFile:41 - Overriding database path with different value: C:\Users\Admin\.stmcufinder\plugins\mcufinder/ => C:\Users\Admin\.stmcufinder\plugins\mcufinder
2025-11-10 21:12:01,813 [WARN] DbFile:41 - Overriding database path with different value: C:\Users\Admin\.stmcufinder\plugins\mcufinder/ => C:\Users\Admin\.stmcufinder\plugins\mcufinder
2025-11-10 21:12:01,813 [INFO] CrossReferenceDbSqlite:203 - Set database path to: C:\Users\Admin\.stmcufinder\plugins\mcufinder//mcu/cs/
2025-11-10 21:12:01,860 [INFO] MainPanel:274 - HeapMemory: 268435456
2025-11-10 21:12:01,933 [INFO] DbMcusXml:78 - Set database path to: C:\ST\STM32CubeIDE_1.19.0\STM32CubeIDE\plugins\com.st.stm32cube.common.mx_6.15.0.202507011659\\db\/mcu/
2025-11-10 21:12:01,933 [INFO] ApiDb:274 - Set plugin database path to: C:\ST\STM32CubeIDE_1.19.0\STM32CubeIDE\plugins\com.st.stm32cube.common.mx_6.15.0.202507011659\\db\/plugins/boardmanager/
2025-11-10 21:12:01,933 [INFO] ApiDb:261 - Set plugin images path to: C:\ST\STM32CubeIDE_1.19.0\STM32CubeIDE\plugins\com.st.stm32cube.common.mx_6.15.0.202507011659\\db\/plugins/mcufinder/images/
2025-11-10 21:12:01,933 [WARN] DbFile:41 - Overriding database path with different value: C:\Users\Admin\.stmcufinder\plugins\mcufinder/ => C:\Users\Admin\.stmcufinder\plugins\mcufinder
2025-11-10 21:12:01,933 [INFO] ApiDb:250 - Set database path to: C:\Users\Admin\.stmcufinder\plugins\mcufinder//mcu/
2025-11-10 21:12:01,933 [WARN] DbFile:41 - Overriding database path with different value: C:\Users\Admin\.stmcufinder\plugins\mcufinder/ => C:\Users\Admin\.stmcufinder\plugins\mcufinder
2025-11-10 21:12:01,933 [INFO] DbMcusAds:125 - Set database path to: C:\Users\Admin\.stmcufinder\plugins\mcufinder//mcu/
2025-11-10 21:12:01,933 [WARN] DbFile:41 - Overriding database path with different value: C:\Users\Admin\.stmcufinder\plugins\mcufinder/ => C:\Users\Admin\.stmcufinder\plugins\mcufinder
2025-11-10 21:12:01,933 [WARN] DbFile:41 - Overriding database path with different value: C:\Users\Admin\.stmcufinder\plugins\mcufinder/ => C:\Users\Admin\.stmcufinder\plugins\mcufinder
2025-11-10 21:12:01,933 [INFO] CrossReferenceDbSqlite:203 - Set database path to: C:\Users\Admin\.stmcufinder\plugins\mcufinder//mcu/cs/
2025-11-10 21:12:01,945 [INFO] ApplicationProperties:184 - Using Application install path: C:\ST\STM32CubeIDE_1.19.0\STM32CubeIDE\plugins\com.st.stm32cube.common.mx_6.15.0.202507011659
2025-11-10 21:12:01,945 [INFO] PluginManage:196 - Search for loadable plugins [exclusion list=, ]
2025-11-10 21:12:01,945 [INFO] PluginManage:310 - Check plugin analytics
2025-11-10 21:12:06,985 [INFO] AnalyticsPlugin:253 - Accepted Software Licenses: STM32CubeMX.6.15.0
2025-11-10 21:12:06,985 [INFO] AnalyticsPlugin:255 - Accepted CMSIS Pack Licenses: 
2025-11-10 21:12:06,985 [INFO] AnalyticsPlugin:257 - Accepted Firmware Licenses: FW.F7.1.17.0
2025-11-10 21:12:06,987 [INFO] PluginManage:359 - Loaded plugin analytics (category:tool,tabindex:-1)
2025-11-10 21:12:06,987 [INFO] PluginManage:310 - Check plugin cadmodel
2025-11-10 21:12:06,991 [INFO] CADModel:105 - Init CAD model plugin
2025-11-10 21:12:06,991 [INFO] PluginManage:359 - Loaded plugin cadmodel (category:power,tabindex:5)
2025-11-10 21:12:06,991 [INFO] PluginManage:310 - Check plugin clock
2025-11-10 21:12:06,996 [INFO] PluginManage:359 - Loaded plugin clock (category:base,tabindex:2)
2025-11-10 21:12:06,996 [INFO] PluginManage:310 - Check plugin ddr
2025-11-10 21:12:06,998 [INFO] PluginManage:359 - Loaded plugin ddr (category:tool,tabindex:6)
2025-11-10 21:12:06,998 [INFO] PluginManage:310 - Check plugin filemanager
2025-11-10 21:12:07,082 [INFO] PluginManage:359 - Loaded plugin filemanager (category:base,tabindex:10)
2025-11-10 21:12:07,082 [INFO] PluginManage:310 - Check plugin ipmanager
2025-11-10 21:12:07,086 [INFO] PluginManage:359 - Loaded plugin ipmanager (category:base,tabindex:5)
2025-11-10 21:12:07,086 [INFO] PluginManage:310 - Check plugin lpbam
2025-11-10 21:12:07,092 [INFO] PluginManage:359 - Loaded plugin lpbam (category:base,tabindex:0)
2025-11-10 21:12:07,092 [INFO] PluginManage:310 - Check plugin memorymap
2025-11-10 21:12:07,100 [INFO] PluginManage:359 - Loaded plugin memorymap (category:base,tabindex:4)
2025-11-10 21:12:07,101 [INFO] PluginManage:310 - Check plugin pinoutandconfiguration
2025-11-10 21:12:07,107 [INFO] PluginManage:359 - Loaded plugin pinoutandconfiguration (category:base,tabindex:1)
2025-11-10 21:12:07,107 [INFO] PluginManage:310 - Check plugin pinoutconfig
2025-11-10 21:12:07,159 [WARN] SupportedApi:132 - Cannot load RTOS API schema: s4s-elt-must-match.1: The content of 'definitions' must match (annotation?, (simpleType | complexType)?, (unique | key | keyref)*)). A problem was found starting at: attribute.
2025-11-10 21:12:07,238 [INFO] PluginManage:359 - Loaded plugin pinoutconfig (category:base,tabindex:0)
2025-11-10 21:12:07,238 [INFO] PluginManage:310 - Check plugin power
2025-11-10 21:12:07,244 [INFO] PluginManage:359 - Loaded plugin power (category:power,tabindex:4)
2025-11-10 21:12:07,244 [INFO] PluginManage:310 - Check plugin projectmanager
2025-11-10 21:12:07,252 [INFO] PluginManage:359 - Loaded plugin projectmanager (category:projectmanager,tabindex:4)
2025-11-10 21:12:07,252 [INFO] PluginManage:310 - Check plugin rif
2025-11-10 21:12:07,259 [INFO] PluginManage:359 - Loaded plugin rif (category:base,tabindex:3)
2025-11-10 21:12:07,259 [INFO] PluginManage:310 - Check plugin thirdparty
2025-11-10 21:12:07,332 [INFO] PluginManage:359 - Loaded plugin thirdparty (category:base,tabindex:-1)
2025-11-10 21:12:07,332 [WARN] IntegrityCheckThread:84 - waiting for thirdparty lock release [integrity check]
2025-11-10 21:12:07,332 [INFO] PluginManage:310 - Check plugin tools
2025-11-10 21:12:07,332 [INFO] IntegrityCheckThread:86 - entering critical section [integrity check]
2025-11-10 21:12:07,332 [INFO] ThirdPartyUpdaterWithRetryManager:70 - Updater plugin not ready yet. [1/15]
2025-11-10 21:12:07,334 [INFO] PluginManage:359 - Loaded plugin tools (category:base,tabindex:7)
2025-11-10 21:12:07,334 [INFO] PluginManage:310 - Check plugin tutovideos
2025-11-10 21:12:07,453 [INFO] PluginManage:359 - Loaded plugin tutovideos (category:base,tabindex:-1)
2025-11-10 21:12:07,453 [INFO] PluginManage:310 - Check plugin updater
2025-11-10 21:12:07,466 [INFO] PluginManage:359 - Loaded plugin updater (category:base,tabindex:12)
2025-11-10 21:12:07,466 [INFO] PluginManage:310 - Check plugin userauth
2025-11-10 21:12:07,469 [INFO] UserAuth:118 - Init User Auth plugin
2025-11-10 21:12:07,470 [INFO] PluginManage:359 - Loaded plugin userauth (category:base,tabindex:14)
2025-11-10 21:12:07,470 [INFO] PluginManage:283 - PluginManage : Loaded plugins [18]
2025-11-10 21:12:07,593 [INFO] PinOutPanel:1589 - setPackage(No Configuration,No Configuration)
2025-11-10 21:12:07,640 [INFO] CADModel:165 - CPN selected for project level
2025-11-10 21:12:07,640 [INFO] CADModel:114 - Register for checkConnection events
2025-11-10 21:12:07,652 [INFO] IPUIPlugin:80 - create IPUIPlugin
2025-11-10 21:12:07,652 [INFO] PluginManager:220 - loadIPPluginJar : add adc
2025-11-10 21:12:07,653 [INFO] IPUIPlugin:80 - create IPUIPlugin
2025-11-10 21:12:07,653 [INFO] PluginManager:220 - loadIPPluginJar : add aes
2025-11-10 21:12:07,655 [INFO] IPUIPlugin:80 - create IPUIPlugin
2025-11-10 21:12:07,655 [INFO] PluginManager:220 - loadIPPluginJar : add can
2025-11-10 21:12:07,656 [INFO] IPUIPlugin:80 - create IPUIPlugin
2025-11-10 21:12:07,657 [INFO] PluginManager:220 - loadIPPluginJar : add comp
2025-11-10 21:12:07,658 [INFO] IPUIPlugin:80 - create IPUIPlugin
2025-11-10 21:12:07,658 [INFO] PluginManager:220 - loadIPPluginJar : add cryp
2025-11-10 21:12:07,660 [INFO] IPUIPlugin:80 - create IPUIPlugin
2025-11-10 21:12:07,660 [INFO] PluginManager:220 - loadIPPluginJar : add ddr_ctrl_phy
2025-11-10 21:12:07,661 [INFO] IPUIPlugin:80 - create IPUIPlugin
2025-11-10 21:12:07,661 [INFO] PluginManager:220 - loadIPPluginJar : add dfsdm
2025-11-10 21:12:07,664 [INFO] IPUIPlugin:80 - create IPUIPlugin
2025-11-10 21:12:07,664 [INFO] PluginManager:220 - loadIPPluginJar : add dma
2025-11-10 21:12:07,666 [INFO] IPUIPlugin:80 - create IPUIPlugin
2025-11-10 21:12:07,666 [INFO] PluginManager:220 - loadIPPluginJar : add dma3
2025-11-10 21:12:07,668 [INFO] IPUIPlugin:80 - create IPUIPlugin
2025-11-10 21:12:07,668 [INFO] PluginManager:220 - loadIPPluginJar : add extmemmanager
2025-11-10 21:12:07,669 [INFO] IPUIPlugin:80 - create IPUIPlugin
2025-11-10 21:12:07,669 [INFO] PluginManager:220 - loadIPPluginJar : add fatfs
2025-11-10 21:12:07,672 [INFO] IPUIPlugin:80 - create IPUIPlugin
2025-11-10 21:12:07,672 [INFO] PluginManager:220 - loadIPPluginJar : add fmc
2025-11-10 21:12:07,677 [INFO] IPUIPlugin:80 - create IPUIPlugin
2025-11-10 21:12:07,677 [INFO] PluginManager:220 - loadIPPluginJar : add freertos
2025-11-10 21:12:07,678 [INFO] IPUIPlugin:80 - create IPUIPlugin
2025-11-10 21:12:07,678 [INFO] PluginManager:220 - loadIPPluginJar : add genericplugin
2025-11-10 21:12:07,679 [INFO] IPUIPlugin:80 - create IPUIPlugin
2025-11-10 21:12:07,679 [INFO] PluginManager:220 - loadIPPluginJar : add gfxmmu
2025-11-10 21:12:07,682 [INFO] IPUIPlugin:80 - create IPUIPlugin
2025-11-10 21:12:07,682 [INFO] PluginManager:220 - loadIPPluginJar : add gic
2025-11-10 21:12:07,684 [INFO] IPUIPlugin:80 - create IPUIPlugin
2025-11-10 21:12:07,684 [INFO] PluginManager:220 - loadIPPluginJar : add gpio
2025-11-10 21:12:07,686 [INFO] IPUIPlugin:80 - create IPUIPlugin
2025-11-10 21:12:07,686 [INFO] PluginManager:220 - loadIPPluginJar : add gtzc
2025-11-10 21:12:07,687 [INFO] IPUIPlugin:80 - create IPUIPlugin
2025-11-10 21:12:07,687 [INFO] PluginManager:220 - loadIPPluginJar : add hash
2025-11-10 21:12:07,689 [INFO] IPUIPlugin:80 - create IPUIPlugin
2025-11-10 21:12:07,689 [INFO] PluginManager:220 - loadIPPluginJar : add i2c
2025-11-10 21:12:07,690 [INFO] IPUIPlugin:80 - create IPUIPlugin
2025-11-10 21:12:07,690 [INFO] PluginManager:220 - loadIPPluginJar : add i2s
2025-11-10 21:12:07,692 [INFO] IPUIPlugin:80 - create IPUIPlugin
2025-11-10 21:12:07,692 [INFO] PluginManager:220 - loadIPPluginJar : add i3c
2025-11-10 21:12:07,694 [INFO] IPUIPlugin:80 - create IPUIPlugin
2025-11-10 21:12:07,694 [INFO] PluginManager:220 - loadIPPluginJar : add ipddr
2025-11-10 21:12:07,698 [INFO] IPUIPlugin:80 - create IPUIPlugin
2025-11-10 21:12:07,698 [INFO] PluginManager:220 - loadIPPluginJar : add linkedlist
2025-11-10 21:12:07,700 [INFO] IPUIPlugin:80 - create IPUIPlugin
2025-11-10 21:12:07,700 [INFO] PluginManager:220 - loadIPPluginJar : add lorawan
2025-11-10 21:12:07,701 [INFO] IPUIPlugin:80 - create IPUIPlugin
2025-11-10 21:12:07,701 [INFO] PluginManager:220 - loadIPPluginJar : add ltdc
2025-11-10 21:12:07,705 [INFO] IPUIPlugin:80 - create IPUIPlugin
2025-11-10 21:12:07,705 [INFO] PluginManager:220 - loadIPPluginJar : add mdma
2025-11-10 21:12:07,709 [INFO] IPUIPlugin:80 - create IPUIPlugin
2025-11-10 21:12:07,709 [INFO] PluginManager:220 - loadIPPluginJar : add nvic
2025-11-10 21:12:07,711 [INFO] IPUIPlugin:80 - create IPUIPlugin
2025-11-10 21:12:07,711 [INFO] PluginManager:220 - loadIPPluginJar : add opamp
2025-11-10 21:12:07,714 [INFO] IPUIPlugin:80 - create IPUIPlugin
2025-11-10 21:12:07,714 [INFO] PluginManager:220 - loadIPPluginJar : add openamp
2025-11-10 21:12:07,715 [INFO] IPUIPlugin:80 - create IPUIPlugin
2025-11-10 21:12:07,716 [INFO] PluginManager:220 - loadIPPluginJar : add pdm2pcm
2025-11-10 21:12:07,719 [INFO] IPUIPlugin:80 - create IPUIPlugin
2025-11-10 21:12:07,721 [INFO] PluginManager:220 - loadIPPluginJar : add plateformsettings
2025-11-10 21:12:07,722 [INFO] IPUIPlugin:80 - create IPUIPlugin
2025-11-10 21:12:07,722 [INFO] PluginManager:220 - loadIPPluginJar : add quadspi
2025-11-10 21:12:07,724 [INFO] IPUIPlugin:80 - create IPUIPlugin
2025-11-10 21:12:07,724 [INFO] PluginManager:220 - loadIPPluginJar : add radio
2025-11-10 21:12:07,726 [INFO] IPUIPlugin:80 - create IPUIPlugin
2025-11-10 21:12:07,726 [INFO] PluginManager:220 - loadIPPluginJar : add resmgrutility
2025-11-10 21:12:07,728 [INFO] IPUIPlugin:80 - create IPUIPlugin
2025-11-10 21:12:07,728 [INFO] PluginManager:220 - loadIPPluginJar : add sai
2025-11-10 21:12:07,729 [INFO] IPUIPlugin:80 - create IPUIPlugin
2025-11-10 21:12:07,729 [INFO] PluginManager:220 - loadIPPluginJar : add spi
2025-11-10 21:12:07,734 [INFO] IPUIPlugin:80 - create IPUIPlugin
2025-11-10 21:12:07,734 [INFO] PluginManager:220 - loadIPPluginJar : add stm32_wpan
2025-11-10 21:12:07,735 [INFO] IPUIPlugin:80 - create IPUIPlugin
2025-11-10 21:12:07,735 [INFO] PluginManager:220 - loadIPPluginJar : add tim
2025-11-10 21:12:07,738 [INFO] IPUIPlugin:80 - create IPUIPlugin
2025-11-10 21:12:07,738 [INFO] PluginManager:220 - loadIPPluginJar : add touchsensing
2025-11-10 21:12:07,739 [INFO] IPUIPlugin:80 - create IPUIPlugin
2025-11-10 21:12:07,740 [INFO] PluginManager:220 - loadIPPluginJar : add tracer_emb
2025-11-10 21:12:07,741 [INFO] IPUIPlugin:80 - create IPUIPlugin
2025-11-10 21:12:07,741 [INFO] PluginManager:220 - loadIPPluginJar : add ts
2025-11-10 21:12:07,741 [INFO] IPUIPlugin:80 - create IPUIPlugin
2025-11-10 21:12:07,741 [INFO] PluginManager:220 - loadIPPluginJar : add tsc
2025-11-10 21:12:07,743 [INFO] IPUIPlugin:80 - create IPUIPlugin
2025-11-10 21:12:07,743 [INFO] PluginManager:220 - loadIPPluginJar : add ucpd
2025-11-10 21:12:07,744 [INFO] IPUIPlugin:80 - create IPUIPlugin
2025-11-10 21:12:07,744 [INFO] PluginManager:220 - loadIPPluginJar : add usart
2025-11-10 21:12:07,746 [INFO] IPUIPlugin:80 - create IPUIPlugin
2025-11-10 21:12:07,746 [INFO] PluginManager:220 - loadIPPluginJar : add usbx
2025-11-10 21:12:07,854 [FATAL] Updater:351 - Updater called before beeing initialized
2025-11-10 21:12:07,868 [INFO] RulesReader:64 - Compatibility file has been processed (317 Rules)
2025-11-10 21:12:07,875 [INFO] RulesReader:64 - Compatibility file has been processed (317 Rules)
2025-11-10 21:12:07,881 [INFO] CADModel:165 - CPN selected for project level
2025-11-10 21:12:07,881 [INFO] CADModel:114 - Register for checkConnection events
2025-11-10 21:12:07,881 [FATAL] Updater:351 - Updater called before beeing initialized
2025-11-10 21:12:07,881 [ERROR] CADModel:125 - Updater not yet initialized, retry later 
2025-11-10 21:12:07,975 [FATAL] Updater:351 - Updater called before beeing initialized
2025-11-10 21:12:07,976 [INFO] CADModel:165 - CPN selected for project level
2025-11-10 21:12:07,976 [INFO] CADModel:114 - Register for checkConnection events
2025-11-10 21:12:07,976 [FATAL] Updater:351 - Updater called before beeing initialized
2025-11-10 21:12:07,976 [ERROR] CADModel:125 - Updater not yet initialized, retry later 
2025-11-10 21:12:07,978 [FATAL] Updater:351 - Updater called before beeing initialized
2025-11-10 21:12:08,038 [FATAL] Updater:351 - Updater called before beeing initialized
2025-11-10 21:12:08,041 [INFO] DbMcusAds:53 - JSON generation date=Fri Nov 07 18:13:48 ICT 2025 (1762514028606)
2025-11-10 21:12:08,041 [FATAL] Updater:351 - Updater called before beeing initialized
2025-11-10 21:12:08,066 [WARN] DetailPanel:346 - Failed to get advertising image, set to default
2025-11-10 21:12:08,126 [FATAL] Updater:351 - Updater called before beeing initialized
2025-11-10 21:12:08,127 [FATAL] Updater:351 - Updater called before beeing initialized
2025-11-10 21:12:08,127 [FATAL] Updater:351 - Updater called before beeing initialized
2025-11-10 21:12:08,127 [WARN] DetailPanel:346 - Failed to get advertising image, set to default
2025-11-10 21:12:08,128 [FATAL] Updater:351 - Updater called before beeing initialized
2025-11-10 21:12:08,167 [ERROR] Updater:1198 - MainUpdater not yet initialized. External WinMGr cannot be set.
2025-11-10 21:12:08,169 [INFO] Updater:1134 - Updater Version found : 6.15.0
2025-11-10 21:12:08,180 [INFO] ApplicationProperties:184 - Using Application install path: C:\ST\STM32CubeIDE_1.19.0\STM32CubeIDE\plugins\com.st.stm32cube.common.mx_6.15.0.202507011659
2025-11-10 21:12:09,742 [ERROR] LogOutputStream:75 - [STDERR_REDIRECT] Nov 10, 2025 9:12:09 PM java.util.prefs.WindowsPreferences <init>
2025-11-10 21:12:09,743 [ERROR] LogOutputStream:75 - [STDERR_REDIRECT] WARNING: Could not open/create prefs root node Software\JavaSoft\Prefs at root 0xffffffff80000002. Windows RegCreateKeyEx(...) returned error code 5.
2025-11-10 21:12:09,743 [ERROR] LogOutputStream:75 - [STDERR_REDIRECT] 
2025-11-10 21:12:10,014 [INFO] MainUpdater:2872 - connection check result : 10
2025-11-10 21:12:10,014 [INFO] MainUpdater:3604 - Updater definition file requires update
2025-11-10 21:12:10,014 [INFO] MainUpdater:289 - Updater Check For Update Now.
2025-11-10 21:12:10,014 [INFO] MicroXplorer:498 - Change Database Version : DB.6.0.150
2025-11-10 21:12:10,017 [INFO] McuFinderGlobals:63 - Set McuFinder mode to 2 (CubeIDE integrated)
2025-11-10 21:12:10,017 [INFO] UserAuth:487 - Internet connection configuration mode: 1
2025-11-10 21:12:10,029 [INFO] JxBrowserEngine:152 - Initiate JxBrowser Engine with user profile folder
2025-11-10 21:12:10,088 [INFO] ServerAccessManage:452 - Complete download http(s) 200
2025-11-10 21:12:10,089 [INFO] ServerAccessManage:509 - Download File updaters.zip
2025-11-10 21:12:10,330 [INFO] FileExtend:248 - Unzip File : updaters.zip
2025-11-10 21:12:10,330 [INFO] FileExtend:263 - Standard Zip Deflate
2025-11-10 21:12:10,333 [WARN] MainUpdater:1193 - Updater busy. Cannot search thirdparties
2025-11-10 21:12:10,333 [INFO] ThirdPartyUpdaterWithRetryManager:96 - Updater plugin is busy. [1/15]
2025-11-10 21:12:10,610 [INFO] WebApp:169 - Instantiating new browser for Auth
2025-11-10 21:12:10,674 [INFO] ServerAccessManage:452 - Complete download http(s) 200
2025-11-10 21:12:10,674 [INFO] ServerAccessManage:509 - Download File PacksControlFlags.xml
2025-11-10 21:12:10,763 [INFO] ServerAccessManage:452 - Complete download http(s) 200
2025-11-10 21:12:10,763 [INFO] ServerAccessManage:509 - Download File cubemx.pidx
2025-11-10 21:12:11,460 [INFO] WebApp:463 - Apply proxy settings
2025-11-10 21:12:11,460 [INFO] WebApp:548 - Chromium requires no authentication
2025-11-10 21:12:11,483 [INFO] WebApp:491 - Direct internet connection detected
2025-11-10 21:12:11,521 [INFO] WebApp:900 - Register for checkConnection events
2025-11-10 21:12:11,521 [INFO] WebApp:463 - Apply proxy settings
2025-11-10 21:12:11,521 [INFO] WebApp:548 - Chromium requires no authentication
2025-11-10 21:12:11,521 [INFO] WebApp:491 - Direct internet connection detected
2025-11-10 21:12:11,605 [INFO] ServerAccessManage:452 - Complete download http(s) 200
2025-11-10 21:12:11,606 [INFO] ServerAccessManage:509 - Download File Avnet-IOTCONNECT.X-CUBE-iotc-st67-sdk.pdsc
2025-11-10 21:12:11,705 [INFO] PopulateThirdPartyThread:66 - Ending populate Thread
2025-11-10 21:12:11,706 [INFO] ThirdParty:1030 - CMSIS Pack Vendor :Avnet-IOTCONNECT X-CUBE-iotc-st67-sdk 1.0.0
2025-11-10 21:12:11,706 [INFO] LoadServerUpdatesThread:375 - End of LoadServerUpdate Thread
2025-11-10 21:12:11,728 [INFO] WebApp:225 - Starting web application
2025-11-10 21:12:11,728 [INFO] WebApp:593 - Web application path used C:\ST\STM32CubeIDE_1.19.0\STM32CubeIDE\plugins\com.st.stm32cube.common.mx_6.15.0.202507011659\db\plugins\mcufinder\reactClient1\index.html
2025-11-10 21:12:11,744 [INFO] WebApp:191 - Connection restablished
2025-11-10 21:12:11,783 [INFO] UserAuth:487 - Internet connection configuration mode: 1
2025-11-10 21:12:11,788 [INFO] CheckServerUpdateThread:120 - End of CheckServer Thread
2025-11-10 21:12:13,436 [WARN] PackLoader:240 - Cannot read IP mode file for STMicroelectronics.FP-SNS-MOTENVWB1.1.4.0
2025-11-10 21:12:13,440 [WARN] PackLoader:240 - Cannot read IP mode file for STMicroelectronics.FP-ATR-ASTRA1.2.0.2
2025-11-10 21:12:13,443 [WARN] PackLoader:240 - Cannot read IP mode file for STMicroelectronics.X-CUBE-SMBUS.2.1.0
2025-11-10 21:12:13,446 [WARN] PackLoader:240 - Cannot read IP mode file for STMicroelectronics.X-CUBE-ST60.1.0.0
2025-11-10 21:12:13,457 [WARN] PackLoader:240 - Cannot read IP mode file for STMicroelectronics.X-CUBE-AZRTOS-F7.1.1.0
2025-11-10 21:12:13,462 [WARN] PackLoader:240 - Cannot read IP mode file for STMicroelectronics.FP-SNS-MOTENV1.5.1.0
2025-11-10 21:12:13,467 [WARN] PackLoader:240 - Cannot read IP mode file for WES.I-CUBE-Cesium.1.4.0
2025-11-10 21:12:13,477 [WARN] PackLoader:240 - Cannot read IP mode file for Infineon.AIROC-Wi-Fi-Bluetooth-STM32.1.7.1
2025-11-10 21:12:13,489 [WARN] PackLoader:240 - Cannot read IP mode file for STMicroelectronics.X-CUBE-AZRTOS-H7.3.4.0
2025-11-10 21:12:13,494 [WARN] PackLoader:240 - Cannot read IP mode file for STMicroelectronics.X-CUBE-DISPLAY.3.0.0
2025-11-10 21:12:13,502 [WARN] PackLoader:240 - Cannot read IP mode file for STMicroelectronics.X-CUBE-NFC10.1.0.0
2025-11-10 21:12:13,504 [WARN] PackLoader:240 - Cannot read IP mode file for STMicroelectronics.X-CUBE-ST60.1.1.0
2025-11-10 21:12:13,507 [WARN] PackLoader:240 - Cannot read IP mode file for emotas.I-CUBE-CANOPEN.1.3.0
2025-11-10 21:12:13,509 [WARN] PackLoader:240 - Cannot read IP mode file for STMicroelectronics.X-CUBE-GNSS1.7.1.0
2025-11-10 21:12:13,514 [WARN] PackLoader:240 - Cannot read IP mode file for STMicroelectronics.FP-SNS-STBOX1.2.1.0
2025-11-10 21:12:13,517 [WARN] PackLoader:240 - Cannot read IP mode file for STMicroelectronics.FP-SNS-SMARTAG2.1.2.0
2025-11-10 21:12:13,518 [WARN] PackLoader:240 - Cannot read IP mode file for STMicroelectronics.FP-SNS-FLIGHT1.5.1.0
2025-11-10 21:12:13,522 [INFO] LogOutputStream:77 - [STDOUT_REDIRECT] 1 : Invalid condition id : UX_CORESTACK_Condition cause : null
2025-11-10 21:12:13,522 [INFO] LogOutputStream:77 - [STDOUT_REDIRECT] 1 : Invalid condition id : UX_CORESTACK_Condition cause : null
2025-11-10 21:12:13,523 [INFO] LogOutputStream:77 - [STDOUT_REDIRECT] 1 : Invalid condition id : UX_CORESTACK_Condition cause : null
2025-11-10 21:12:13,523 [INFO] LogOutputStream:77 - [STDOUT_REDIRECT] 1 : Invalid condition id : UX_CORESTACK_Condition cause : null
2025-11-10 21:12:13,523 [INFO] LogOutputStream:77 - [STDOUT_REDIRECT] 1 : Invalid condition id : UX_CORESTACK_Condition cause : null
2025-11-10 21:12:13,524 [WARN] PackLoader:240 - Cannot read IP mode file for STMicroelectronics.X-CUBE-AZRTOS-WL.2.0.0
2025-11-10 21:12:13,526 [WARN] PackLoader:240 - Cannot read IP mode file for STMicroelectronics.FP-SNS-MOTENV1.5.0.0
2025-11-10 21:12:13,530 [WARN] PackLoader:240 - Cannot read IP mode file for STMicroelectronics.X-CUBE-BLE2.3.3.0
2025-11-10 21:12:13,536 [WARN] PackLoader:240 - Cannot read IP mode file for STMicroelectronics.X-CUBE-NFC9.1.0.0
2025-11-10 21:12:13,539 [WARN] PackLoader:240 - Cannot read IP mode file for wolfSSL.I-CUBE-wolfSSL.5.8.2
2025-11-10 21:12:13,541 [WARN] PackLoader:240 - Cannot read IP mode file for STMicroelectronics.X-CUBE-BLE1.7.1.0
2025-11-10 21:12:13,543 [WARN] PackLoader:240 - Cannot read IP mode file for wolfSSL.I-CUBE-wolfMQTT.1.19.2
2025-11-10 21:12:13,546 [WARN] PackLoader:240 - Cannot read IP mode file for STMicroelectronics.X-CUBE-EEPRMA1.5.2.0
2025-11-10 21:12:13,549 [WARN] PackLoader:240 - Cannot read IP mode file for STMicroelectronics.X-CUBE-ST67W61.1.1.0
2025-11-10 21:12:13,555 [WARN] PackLoader:240 - Cannot read IP mode file for STMicroelectronics.X-CUBE-AZRTOS-G0.1.1.0
2025-11-10 21:12:13,559 [WARN] PackLoader:240 - Cannot read IP mode file for STMicroelectronics.X-CUBE-SAFEA1.1.2.2
2025-11-10 21:12:13,563 [WARN] PackLoader:240 - Cannot read IP mode file for STMicroelectronics.X-CUBE-NFC4.3.0.0
2025-11-10 21:12:13,567 [WARN] PackLoader:240 - Cannot read IP mode file for EmbeddedOffice.I-CUBE-FS-RTOS.1.0.1
2025-11-10 21:12:13,571 [WARN] PackLoader:240 - Cannot read IP mode file for STMicroelectronics.X-CUBE-WB05N.2.0.0
2025-11-10 21:12:13,573 [WARN] PackLoader:240 - Cannot read IP mode file for wolfSSL.I-CUBE-wolfTPM.3.8.0
2025-11-10 21:12:13,576 [WARN] PackLoader:240 - Cannot read IP mode file for STMicroelectronics.X-CUBE-TCPP.4.2.0
2025-11-10 21:12:13,579 [WARN] PackLoader:240 - Cannot read IP mode file for RealThread.X-CUBE-RT-Thread_Nano.4.1.1
2025-11-10 21:12:13,581 [WARN] PackLoader:240 - Cannot read IP mode file for STMicroelectronics.FP-ATR-SIGFOX1.3.2.0
2025-11-10 21:12:13,584 [WARN] PackLoader:240 - Cannot read IP mode file for ITTIA_DB.I-CUBE-ITTIADB.8.9.0
2025-11-10 21:12:13,587 [WARN] PackLoader:240 - Cannot read IP mode file for STMicroelectronics.X-CUBE-ST67W61.1.0.0
2025-11-10 21:12:13,588 [WARN] PackLoader:240 - Cannot read IP mode file for STMicroelectronics.X-CUBE-AI.10.2.0
2025-11-10 21:12:13,598 [WARN] PackLoader:240 - Cannot read IP mode file for SEGGER.I-CUBE-embOS.1.3.1
2025-11-10 21:12:13,618 [WARN] PackLoader:240 - Cannot read IP mode file for STMicroelectronics.X-CUBE-ALGOBUILD.1.4.0
2025-11-10 21:12:13,649 [WARN] PackLoader:240 - Cannot read IP mode file for STMicroelectronics.X-CUBE-MEMS1.11.3.0
2025-11-10 21:12:13,717 [WARN] PackLoader:240 - Cannot read IP mode file for STMicroelectronics.X-CUBE-PM33A1.1.0.0
2025-11-10 21:12:13,723 [WARN] PackLoader:240 - Cannot read IP mode file for STMicroelectronics.X-CUBE-AZRTOS-F4.1.1.0
2025-11-10 21:12:13,725 [WARN] PackLoader:240 - Cannot read IP mode file for Avnet-IotConnect.X-CUBE-IoTC-DA16k-PMOD.1.0.0
2025-11-10 21:12:13,726 [WARN] PackLoader:240 - Cannot read IP mode file for STMicroelectronics.X-CUBE-ISPU.2.1.0
2025-11-10 21:12:13,732 [WARN] PackLoader:240 - Cannot read IP mode file for STMicroelectronics.X-CUBE-IPS.3.2.0
2025-11-10 21:12:13,737 [WARN] PackLoader:240 - Cannot read IP mode file for STMicroelectronics.X-CUBE-NFC12.1.0.0
2025-11-10 21:12:13,744 [WARN] PackLoader:240 - Cannot read IP mode file for STMicroelectronics.X-CUBE-AZRTOS-L5.2.0.0
2025-11-10 21:12:13,749 [WARN] PackLoader:240 - Cannot read IP mode file for STMicroelectronics.X-CUBE-NFC6.3.1.0
2025-11-10 21:12:13,752 [WARN] PackLoader:240 - Cannot read IP mode file for STMicroelectronics.X-CUBE-FREERTOS.1.3.1
2025-11-10 21:12:13,754 [WARN] PackLoader:240 - Cannot read IP mode file for STMicroelectronics.X-CUBE-TOUCHGFX.4.26.0
2025-11-10 21:12:13,755 [WARN] PackLoader:240 - Cannot read IP mode file for STMicroelectronics.FP-SNS-STAIOTCFT.1.0.0
2025-11-10 21:12:13,757 [WARN] PackLoader:240 - Cannot read IP mode file for STMicroelectronics.X-CUBE-DPower.1.3.0
2025-11-10 21:12:13,763 [WARN] ConditionMgr:438 - getConditionDescription Invalid condition id : LAN8742 Phy interface Condition cause : null
2025-11-10 21:12:13,764 [WARN] PackLoader:240 - Cannot read IP mode file for STMicroelectronics.X-CUBE-AZRTOS-L4.2.0.0
2025-11-10 21:12:13,764 [WARN] ConditionMgr:1044 - genDependencies : Invalid condition id : LAN8742 Phy interface Condition cause : null
2025-11-10 21:12:13,764 [WARN] ConditionMgr:1044 - genDependencies : Invalid condition id : LAN8742 Phy interface Condition cause : null
2025-11-10 21:12:13,764 [WARN] ConditionMgr:1044 - genDependencies : Invalid condition id : LAN8742 Phy interface Condition cause : null
2025-11-10 21:12:13,769 [WARN] PackLoader:240 - Cannot read IP mode file for STMicroelectronics.X-CUBE-SFXS2LP1.4.0.0
2025-11-10 21:12:13,775 [WARN] PackLoader:240 - Cannot read IP mode file for STMicroelectronics.X-CUBE-BLEMGR.4.1.0
2025-11-10 21:12:13,782 [WARN] ConditionMgr:438 - getConditionDescription Invalid condition id : UX DEVICE CLASS RTOS Condition cause : null
2025-11-10 21:12:13,783 [WARN] ConditionMgr:438 - getConditionDescription Invalid condition id : UX DEVICE CLASS RTOS Condition cause : null
2025-11-10 21:12:13,783 [WARN] PackLoader:240 - Cannot read IP mode file for STMicroelectronics.X-CUBE-AZRTOS-WB.2.0.0
2025-11-10 21:12:13,783 [WARN] ConditionMgr:1044 - genDependencies : Invalid condition id : UX DEVICE CLASS RTOS Condition cause : null
2025-11-10 21:12:13,783 [WARN] ConditionMgr:1044 - genDependencies : Invalid condition id : UX DEVICE CLASS RTOS Condition cause : null
2025-11-10 21:12:13,784 [WARN] ConditionMgr:1044 - genDependencies : Invalid condition id : UX DEVICE CLASS RTOS Condition cause : null
2025-11-10 21:12:13,784 [WARN] ConditionMgr:1044 - genDependencies : Invalid condition id : UX DEVICE CLASS RTOS Condition cause : null
2025-11-10 21:12:13,784 [WARN] ConditionMgr:1044 - genDependencies : Invalid condition id : UX DEVICE CLASS RTOS Condition cause : null
2025-11-10 21:12:13,786 [WARN] PackLoader:240 - Cannot read IP mode file for STMicroelectronics.X-CUBE-GNSS1.7.0.1
2025-11-10 21:12:13,788 [WARN] PackLoader:240 - Cannot read IP mode file for STMicroelectronics.X-CUBE-TOUCHGFX.4.25.0
2025-11-10 21:12:13,791 [WARN] ConditionMgr:438 - getConditionDescription Invalid condition id : Cortex-A Device cause : null
2025-11-10 21:12:13,795 [WARN] ConditionMgr:1044 - genDependencies : Invalid condition id : Cortex-A Device cause : null
2025-11-10 21:12:13,795 [WARN] ConditionMgr:1044 - genDependencies : Invalid condition id : Cortex-A Device cause : null
2025-11-10 21:12:13,795 [WARN] ConditionMgr:1044 - genDependencies : Invalid condition id : Cortex-A Device cause : null
2025-11-10 21:12:13,801 [WARN] PackLoader:240 - Cannot read IP mode file for STMicroelectronics.X-CUBE-SUBG2.5.0.0
2025-11-10 21:12:13,811 [WARN] PackLoader:240 - Cannot read IP mode file for STMicroelectronics.X-CUBE-AZRTOS-H7RS.1.1.0
2025-11-10 21:12:13,814 [WARN] PackLoader:240 - Cannot read IP mode file for Cesanta.I-CUBE-Mongoose.7.13.0
2025-11-10 21:12:13,819 [WARN] PackLoader:240 - Cannot read IP mode file for STMicroelectronics.X-CUBE-AZRTOS-G4.2.0.0
2025-11-10 21:12:13,825 [WARN] PackLoader:240 - Cannot read IP mode file for wolfSSL.I-CUBE-wolfSSH.1.4.20
2025-11-10 21:12:13,829 [WARN] PackLoader:240 - Cannot read IP mode file for STMicroelectronics.X-CUBE-NFC7.2.0.0
2025-11-10 21:12:13,833 [WARN] PackLoader:240 - Cannot read IP mode file for STMicroelectronics.X-CUBE-IPS.3.1.0
2025-11-10 21:12:13,839 [WARN] PackLoader:240 - Cannot read IP mode file for STMicroelectronics.X-CUBE-ALS.1.0.2
2025-11-10 21:12:13,842 [WARN] PackLoader:240 - Cannot read IP mode file for STMicroelectronics.X-CUBE-STSE01.1.0.0
2025-11-10 21:12:13,845 [WARN] PackLoader:240 - Cannot read IP mode file for portGmbH.I-Cube-SoM-uGOAL.1.1.0
2025-11-10 21:12:13,850 [WARN] PackLoader:240 - Cannot read IP mode file for STMicroelectronics.X-CUBE-TOF1.3.4.3
2025-11-10 21:12:13,854 [INFO] ThirdParty:978 - Integrity check success = true
2025-11-10 21:12:13,854 [INFO] IntegrityCheckThread:100 - exiting critical section [integrity check]
2025-11-10 21:12:13,854 [INFO] IntegrityCheckThread:103 - End integrity checks thread
2025-11-10 22:38:55,619 [INFO] WebApp:194 - Connection lost
2025-11-10 22:38:55,832 [INFO] WebApp:191 - Connection restablished
2025-11-10 22:39:02,238 [INFO] WebApp:194 - Connection lost
2025-11-10 22:39:02,393 [INFO] WebApp:191 - Connection restablished
2025-11-10 23:17:32,253 [INFO] WebApp:194 - Connection lost
2025-11-10 23:17:32,438 [INFO] WebApp:191 - Connection restablished
