2025-11-07 13:03:01,721 [INFO] Activator:176 - 


2025-11-07 13:03:01,723 [INFO] Activator:177 - !SESSION log4j initialized
2025-11-07 13:03:04,581 [INFO] LogOutputStream:77 - [STDOUT_REDIRECT] 
2025-11-07 13:03:10,061 [INFO] ApplicationProperties:184 - Using Application install path: C:\ST\STM32CubeIDE_1.19.0\STM32CubeIDE\plugins\com.st.stm32cube.common.mx_6.15.0.202507011659
2025-11-07 13:03:10,072 [INFO] DbMcusXml:78 - Set database path to: C:\ST\STM32CubeIDE_1.19.0\STM32CubeIDE\plugins\com.st.stm32cube.common.mx_6.15.0.202507011659\\db\/mcu/
2025-11-07 13:03:10,072 [INFO] ApiDb:274 - Set plugin database path to: C:\ST\STM32CubeIDE_1.19.0\STM32CubeIDE\plugins\com.st.stm32cube.common.mx_6.15.0.202507011659\\db\/plugins/boardmanager/
2025-11-07 13:03:10,072 [WARN] ApiDb:259 - Overriding images path with different value:  => C:\ST\STM32CubeIDE_1.19.0\STM32CubeIDE\plugins\com.st.stm32cube.common.mx_6.15.0.202507011659\\db\/plugins/mcufinder/images/
2025-11-07 13:03:10,077 [INFO] ApiDb:250 - Set database path to: C:\Users\Admin\.stmcufinder\plugins\mcufinder//mcu/
2025-11-07 13:03:10,077 [INFO] DbMcusAds:125 - Set database path to: C:\Users\Admin\.stmcufinder\plugins\mcufinder//mcu/
2025-11-07 13:03:10,079 [INFO] CrossReferenceDbSqlite:203 - Set database path to: C:\Users\Admin\.stmcufinder\plugins\mcufinder//mcu/cs/
2025-11-07 13:03:10,137 [INFO] RulesReader:64 - Compatibility file has been processed (317 Rules)
2025-11-07 13:03:10,187 [INFO] DbMcusXml:78 - Set database path to: C:\ST\STM32CubeIDE_1.19.0\STM32CubeIDE\plugins\com.st.stm32cube.common.mx_6.15.0.202507011659\\db\/mcu/
2025-11-07 13:03:10,187 [INFO] ApiDb:274 - Set plugin database path to: C:\ST\STM32CubeIDE_1.19.0\STM32CubeIDE\plugins\com.st.stm32cube.common.mx_6.15.0.202507011659\\db\/plugins/boardmanager/
2025-11-07 13:03:10,187 [INFO] ApiDb:261 - Set plugin images path to: C:\ST\STM32CubeIDE_1.19.0\STM32CubeIDE\plugins\com.st.stm32cube.common.mx_6.15.0.202507011659\\db\/plugins/mcufinder/images/
2025-11-07 13:03:10,187 [WARN] DbFile:41 - Overriding database path with different value: C:\Users\Admin\.stmcufinder\plugins\mcufinder/ => C:\Users\Admin\.stmcufinder\plugins\mcufinder
2025-11-07 13:03:10,187 [INFO] ApiDb:250 - Set database path to: C:\Users\Admin\.stmcufinder\plugins\mcufinder//mcu/
2025-11-07 13:03:10,187 [WARN] DbFile:41 - Overriding database path with different value: C:\Users\Admin\.stmcufinder\plugins\mcufinder/ => C:\Users\Admin\.stmcufinder\plugins\mcufinder
2025-11-07 13:03:10,187 [INFO] DbMcusAds:125 - Set database path to: C:\Users\Admin\.stmcufinder\plugins\mcufinder//mcu/
2025-11-07 13:03:10,187 [WARN] DbFile:41 - Overriding database path with different value: C:\Users\Admin\.stmcufinder\plugins\mcufinder/ => C:\Users\Admin\.stmcufinder\plugins\mcufinder
2025-11-07 13:03:10,187 [WARN] DbFile:41 - Overriding database path with different value: C:\Users\Admin\.stmcufinder\plugins\mcufinder/ => C:\Users\Admin\.stmcufinder\plugins\mcufinder
2025-11-07 13:03:10,187 [INFO] CrossReferenceDbSqlite:203 - Set database path to: C:\Users\Admin\.stmcufinder\plugins\mcufinder//mcu/cs/
2025-11-07 13:03:10,229 [INFO] MainPanel:274 - HeapMemory: 268435456
2025-11-07 13:03:10,299 [INFO] DbMcusXml:78 - Set database path to: C:\ST\STM32CubeIDE_1.19.0\STM32CubeIDE\plugins\com.st.stm32cube.common.mx_6.15.0.202507011659\\db\/mcu/
2025-11-07 13:03:10,299 [INFO] ApiDb:274 - Set plugin database path to: C:\ST\STM32CubeIDE_1.19.0\STM32CubeIDE\plugins\com.st.stm32cube.common.mx_6.15.0.202507011659\\db\/plugins/boardmanager/
2025-11-07 13:03:10,299 [INFO] ApiDb:261 - Set plugin images path to: C:\ST\STM32CubeIDE_1.19.0\STM32CubeIDE\plugins\com.st.stm32cube.common.mx_6.15.0.202507011659\\db\/plugins/mcufinder/images/
2025-11-07 13:03:10,299 [WARN] DbFile:41 - Overriding database path with different value: C:\Users\Admin\.stmcufinder\plugins\mcufinder/ => C:\Users\Admin\.stmcufinder\plugins\mcufinder
2025-11-07 13:03:10,300 [INFO] ApiDb:250 - Set database path to: C:\Users\Admin\.stmcufinder\plugins\mcufinder//mcu/
2025-11-07 13:03:10,300 [WARN] DbFile:41 - Overriding database path with different value: C:\Users\Admin\.stmcufinder\plugins\mcufinder/ => C:\Users\Admin\.stmcufinder\plugins\mcufinder
2025-11-07 13:03:10,300 [INFO] DbMcusAds:125 - Set database path to: C:\Users\Admin\.stmcufinder\plugins\mcufinder//mcu/
2025-11-07 13:03:10,300 [WARN] DbFile:41 - Overriding database path with different value: C:\Users\Admin\.stmcufinder\plugins\mcufinder/ => C:\Users\Admin\.stmcufinder\plugins\mcufinder
2025-11-07 13:03:10,300 [WARN] DbFile:41 - Overriding database path with different value: C:\Users\Admin\.stmcufinder\plugins\mcufinder/ => C:\Users\Admin\.stmcufinder\plugins\mcufinder
2025-11-07 13:03:10,300 [INFO] CrossReferenceDbSqlite:203 - Set database path to: C:\Users\Admin\.stmcufinder\plugins\mcufinder//mcu/cs/
2025-11-07 13:03:10,310 [INFO] ApplicationProperties:184 - Using Application install path: C:\ST\STM32CubeIDE_1.19.0\STM32CubeIDE\plugins\com.st.stm32cube.common.mx_6.15.0.202507011659
2025-11-07 13:03:10,310 [INFO] PluginManage:196 - Search for loadable plugins [exclusion list=, ]
2025-11-07 13:03:10,311 [INFO] PluginManage:310 - Check plugin analytics
2025-11-07 13:03:15,345 [INFO] AnalyticsPlugin:253 - Accepted Software Licenses: STM32CubeMX.6.15.0
2025-11-07 13:03:15,345 [INFO] AnalyticsPlugin:255 - Accepted CMSIS Pack Licenses: 
2025-11-07 13:03:15,345 [INFO] AnalyticsPlugin:257 - Accepted Firmware Licenses: FW.F7.1.17.0
2025-11-07 13:03:15,346 [INFO] PluginManage:359 - Loaded plugin analytics (category:tool,tabindex:-1)
2025-11-07 13:03:15,346 [INFO] PluginManage:310 - Check plugin cadmodel
2025-11-07 13:03:15,350 [INFO] CADModel:105 - Init CAD model plugin
2025-11-07 13:03:15,350 [INFO] PluginManage:359 - Loaded plugin cadmodel (category:power,tabindex:5)
2025-11-07 13:03:15,350 [INFO] PluginManage:310 - Check plugin clock
2025-11-07 13:03:15,356 [INFO] PluginManage:359 - Loaded plugin clock (category:base,tabindex:2)
2025-11-07 13:03:15,356 [INFO] PluginManage:310 - Check plugin ddr
2025-11-07 13:03:15,357 [INFO] PluginManage:359 - Loaded plugin ddr (category:tool,tabindex:6)
2025-11-07 13:03:15,357 [INFO] PluginManage:310 - Check plugin filemanager
2025-11-07 13:03:15,437 [INFO] PluginManage:359 - Loaded plugin filemanager (category:base,tabindex:10)
2025-11-07 13:03:15,437 [INFO] PluginManage:310 - Check plugin ipmanager
2025-11-07 13:03:15,440 [INFO] PluginManage:359 - Loaded plugin ipmanager (category:base,tabindex:5)
2025-11-07 13:03:15,440 [INFO] PluginManage:310 - Check plugin lpbam
2025-11-07 13:03:15,445 [INFO] PluginManage:359 - Loaded plugin lpbam (category:base,tabindex:0)
2025-11-07 13:03:15,445 [INFO] PluginManage:310 - Check plugin memorymap
2025-11-07 13:03:15,453 [INFO] PluginManage:359 - Loaded plugin memorymap (category:base,tabindex:4)
2025-11-07 13:03:15,454 [INFO] PluginManage:310 - Check plugin pinoutandconfiguration
2025-11-07 13:03:15,458 [INFO] PluginManage:359 - Loaded plugin pinoutandconfiguration (category:base,tabindex:1)
2025-11-07 13:03:15,458 [INFO] PluginManage:310 - Check plugin pinoutconfig
2025-11-07 13:03:15,501 [WARN] SupportedApi:132 - Cannot load RTOS API schema: s4s-elt-must-match.1: The content of 'definitions' must match (annotation?, (simpleType | complexType)?, (unique | key | keyref)*)). A problem was found starting at: attribute.
2025-11-07 13:03:15,565 [INFO] PluginManage:359 - Loaded plugin pinoutconfig (category:base,tabindex:0)
2025-11-07 13:03:15,566 [INFO] PluginManage:310 - Check plugin power
2025-11-07 13:03:15,570 [INFO] PluginManage:359 - Loaded plugin power (category:power,tabindex:4)
2025-11-07 13:03:15,570 [INFO] PluginManage:310 - Check plugin projectmanager
2025-11-07 13:03:15,578 [INFO] PluginManage:359 - Loaded plugin projectmanager (category:projectmanager,tabindex:4)
2025-11-07 13:03:15,578 [INFO] PluginManage:310 - Check plugin rif
2025-11-07 13:03:15,584 [INFO] PluginManage:359 - Loaded plugin rif (category:base,tabindex:3)
2025-11-07 13:03:15,584 [INFO] PluginManage:310 - Check plugin thirdparty
2025-11-07 13:03:15,658 [INFO] PluginManage:359 - Loaded plugin thirdparty (category:base,tabindex:-1)
2025-11-07 13:03:15,658 [WARN] IntegrityCheckThread:84 - waiting for thirdparty lock release [integrity check]
2025-11-07 13:03:15,658 [INFO] PluginManage:310 - Check plugin tools
2025-11-07 13:03:15,658 [INFO] IntegrityCheckThread:86 - entering critical section [integrity check]
2025-11-07 13:03:15,658 [INFO] ThirdPartyUpdaterWithRetryManager:70 - Updater plugin not ready yet. [1/15]
2025-11-07 13:03:15,659 [INFO] PluginManage:359 - Loaded plugin tools (category:base,tabindex:7)
2025-11-07 13:03:15,659 [INFO] PluginManage:310 - Check plugin tutovideos
2025-11-07 13:03:15,769 [INFO] PluginManage:359 - Loaded plugin tutovideos (category:base,tabindex:-1)
2025-11-07 13:03:15,769 [INFO] PluginManage:310 - Check plugin updater
2025-11-07 13:03:15,781 [INFO] PluginManage:359 - Loaded plugin updater (category:base,tabindex:12)
2025-11-07 13:03:15,781 [INFO] PluginManage:310 - Check plugin userauth
2025-11-07 13:03:15,784 [INFO] UserAuth:118 - Init User Auth plugin
2025-11-07 13:03:15,784 [INFO] PluginManage:359 - Loaded plugin userauth (category:base,tabindex:14)
2025-11-07 13:03:15,784 [INFO] PluginManage:283 - PluginManage : Loaded plugins [18]
2025-11-07 13:03:15,900 [INFO] PinOutPanel:1589 - setPackage(No Configuration,No Configuration)
2025-11-07 13:03:15,945 [INFO] CADModel:165 - CPN selected for project level
2025-11-07 13:03:15,945 [INFO] CADModel:114 - Register for checkConnection events
2025-11-07 13:03:15,956 [INFO] IPUIPlugin:80 - create IPUIPlugin
2025-11-07 13:03:15,956 [INFO] PluginManager:220 - loadIPPluginJar : add adc
2025-11-07 13:03:15,957 [INFO] IPUIPlugin:80 - create IPUIPlugin
2025-11-07 13:03:15,957 [INFO] PluginManager:220 - loadIPPluginJar : add aes
2025-11-07 13:03:15,958 [INFO] IPUIPlugin:80 - create IPUIPlugin
2025-11-07 13:03:15,958 [INFO] PluginManager:220 - loadIPPluginJar : add can
2025-11-07 13:03:15,960 [INFO] IPUIPlugin:80 - create IPUIPlugin
2025-11-07 13:03:15,960 [INFO] PluginManager:220 - loadIPPluginJar : add comp
2025-11-07 13:03:15,961 [INFO] IPUIPlugin:80 - create IPUIPlugin
2025-11-07 13:03:15,961 [INFO] PluginManager:220 - loadIPPluginJar : add cryp
2025-11-07 13:03:15,963 [INFO] IPUIPlugin:80 - create IPUIPlugin
2025-11-07 13:03:15,963 [INFO] PluginManager:220 - loadIPPluginJar : add ddr_ctrl_phy
2025-11-07 13:03:15,964 [INFO] IPUIPlugin:80 - create IPUIPlugin
2025-11-07 13:03:15,964 [INFO] PluginManager:220 - loadIPPluginJar : add dfsdm
2025-11-07 13:03:15,967 [INFO] IPUIPlugin:80 - create IPUIPlugin
2025-11-07 13:03:15,968 [INFO] PluginManager:220 - loadIPPluginJar : add dma
2025-11-07 13:03:15,970 [INFO] IPUIPlugin:80 - create IPUIPlugin
2025-11-07 13:03:15,970 [INFO] PluginManager:220 - loadIPPluginJar : add dma3
2025-11-07 13:03:15,971 [INFO] IPUIPlugin:80 - create IPUIPlugin
2025-11-07 13:03:15,971 [INFO] PluginManager:220 - loadIPPluginJar : add extmemmanager
2025-11-07 13:03:15,972 [INFO] IPUIPlugin:80 - create IPUIPlugin
2025-11-07 13:03:15,972 [INFO] PluginManager:220 - loadIPPluginJar : add fatfs
2025-11-07 13:03:15,974 [INFO] IPUIPlugin:80 - create IPUIPlugin
2025-11-07 13:03:15,974 [INFO] PluginManager:220 - loadIPPluginJar : add fmc
2025-11-07 13:03:15,978 [INFO] IPUIPlugin:80 - create IPUIPlugin
2025-11-07 13:03:15,978 [INFO] PluginManager:220 - loadIPPluginJar : add freertos
2025-11-07 13:03:15,978 [INFO] IPUIPlugin:80 - create IPUIPlugin
2025-11-07 13:03:15,978 [INFO] PluginManager:220 - loadIPPluginJar : add genericplugin
2025-11-07 13:03:15,980 [INFO] IPUIPlugin:80 - create IPUIPlugin
2025-11-07 13:03:15,980 [INFO] PluginManager:220 - loadIPPluginJar : add gfxmmu
2025-11-07 13:03:15,981 [INFO] IPUIPlugin:80 - create IPUIPlugin
2025-11-07 13:03:15,981 [INFO] PluginManager:220 - loadIPPluginJar : add gic
2025-11-07 13:03:15,983 [INFO] IPUIPlugin:80 - create IPUIPlugin
2025-11-07 13:03:15,983 [INFO] PluginManager:220 - loadIPPluginJar : add gpio
2025-11-07 13:03:15,985 [INFO] IPUIPlugin:80 - create IPUIPlugin
2025-11-07 13:03:15,985 [INFO] PluginManager:220 - loadIPPluginJar : add gtzc
2025-11-07 13:03:15,986 [INFO] IPUIPlugin:80 - create IPUIPlugin
2025-11-07 13:03:15,986 [INFO] PluginManager:220 - loadIPPluginJar : add hash
2025-11-07 13:03:15,987 [INFO] IPUIPlugin:80 - create IPUIPlugin
2025-11-07 13:03:15,987 [INFO] PluginManager:220 - loadIPPluginJar : add i2c
2025-11-07 13:03:15,989 [INFO] IPUIPlugin:80 - create IPUIPlugin
2025-11-07 13:03:15,989 [INFO] PluginManager:220 - loadIPPluginJar : add i2s
2025-11-07 13:03:15,990 [INFO] IPUIPlugin:80 - create IPUIPlugin
2025-11-07 13:03:15,990 [INFO] PluginManager:220 - loadIPPluginJar : add i3c
2025-11-07 13:03:15,991 [INFO] IPUIPlugin:80 - create IPUIPlugin
2025-11-07 13:03:15,991 [INFO] PluginManager:220 - loadIPPluginJar : add ipddr
2025-11-07 13:03:15,995 [INFO] IPUIPlugin:80 - create IPUIPlugin
2025-11-07 13:03:15,995 [INFO] PluginManager:220 - loadIPPluginJar : add linkedlist
2025-11-07 13:03:15,997 [INFO] IPUIPlugin:80 - create IPUIPlugin
2025-11-07 13:03:15,997 [INFO] PluginManager:220 - loadIPPluginJar : add lorawan
2025-11-07 13:03:15,997 [INFO] IPUIPlugin:80 - create IPUIPlugin
2025-11-07 13:03:15,997 [INFO] PluginManager:220 - loadIPPluginJar : add ltdc
2025-11-07 13:03:16,000 [INFO] IPUIPlugin:80 - create IPUIPlugin
2025-11-07 13:03:16,000 [INFO] PluginManager:220 - loadIPPluginJar : add mdma
2025-11-07 13:03:16,002 [INFO] IPUIPlugin:80 - create IPUIPlugin
2025-11-07 13:03:16,002 [INFO] PluginManager:220 - loadIPPluginJar : add nvic
2025-11-07 13:03:16,003 [INFO] IPUIPlugin:80 - create IPUIPlugin
2025-11-07 13:03:16,003 [INFO] PluginManager:220 - loadIPPluginJar : add opamp
2025-11-07 13:03:16,004 [INFO] IPUIPlugin:80 - create IPUIPlugin
2025-11-07 13:03:16,004 [INFO] PluginManager:220 - loadIPPluginJar : add openamp
2025-11-07 13:03:16,006 [INFO] IPUIPlugin:80 - create IPUIPlugin
2025-11-07 13:03:16,006 [INFO] PluginManager:220 - loadIPPluginJar : add pdm2pcm
2025-11-07 13:03:16,010 [INFO] IPUIPlugin:80 - create IPUIPlugin
2025-11-07 13:03:16,011 [INFO] PluginManager:220 - loadIPPluginJar : add plateformsettings
2025-11-07 13:03:16,011 [INFO] IPUIPlugin:80 - create IPUIPlugin
2025-11-07 13:03:16,012 [INFO] PluginManager:220 - loadIPPluginJar : add quadspi
2025-11-07 13:03:16,012 [INFO] IPUIPlugin:80 - create IPUIPlugin
2025-11-07 13:03:16,013 [INFO] PluginManager:220 - loadIPPluginJar : add radio
2025-11-07 13:03:16,014 [INFO] IPUIPlugin:80 - create IPUIPlugin
2025-11-07 13:03:16,014 [INFO] PluginManager:220 - loadIPPluginJar : add resmgrutility
2025-11-07 13:03:16,015 [INFO] IPUIPlugin:80 - create IPUIPlugin
2025-11-07 13:03:16,015 [INFO] PluginManager:220 - loadIPPluginJar : add sai
2025-11-07 13:03:16,017 [INFO] IPUIPlugin:80 - create IPUIPlugin
2025-11-07 13:03:16,017 [INFO] PluginManager:220 - loadIPPluginJar : add spi
2025-11-07 13:03:16,020 [INFO] IPUIPlugin:80 - create IPUIPlugin
2025-11-07 13:03:16,020 [INFO] PluginManager:220 - loadIPPluginJar : add stm32_wpan
2025-11-07 13:03:16,021 [INFO] IPUIPlugin:80 - create IPUIPlugin
2025-11-07 13:03:16,021 [INFO] PluginManager:220 - loadIPPluginJar : add tim
2025-11-07 13:03:16,022 [INFO] IPUIPlugin:80 - create IPUIPlugin
2025-11-07 13:03:16,022 [INFO] PluginManager:220 - loadIPPluginJar : add touchsensing
2025-11-07 13:03:16,023 [INFO] IPUIPlugin:80 - create IPUIPlugin
2025-11-07 13:03:16,023 [INFO] PluginManager:220 - loadIPPluginJar : add tracer_emb
2025-11-07 13:03:16,024 [INFO] IPUIPlugin:80 - create IPUIPlugin
2025-11-07 13:03:16,024 [INFO] PluginManager:220 - loadIPPluginJar : add ts
2025-11-07 13:03:16,025 [INFO] IPUIPlugin:80 - create IPUIPlugin
2025-11-07 13:03:16,025 [INFO] PluginManager:220 - loadIPPluginJar : add tsc
2025-11-07 13:03:16,027 [INFO] IPUIPlugin:80 - create IPUIPlugin
2025-11-07 13:03:16,027 [INFO] PluginManager:220 - loadIPPluginJar : add ucpd
2025-11-07 13:03:16,029 [INFO] IPUIPlugin:80 - create IPUIPlugin
2025-11-07 13:03:16,029 [INFO] PluginManager:220 - loadIPPluginJar : add usart
2025-11-07 13:03:16,030 [INFO] IPUIPlugin:80 - create IPUIPlugin
2025-11-07 13:03:16,030 [INFO] PluginManager:220 - loadIPPluginJar : add usbx
2025-11-07 13:03:16,130 [FATAL] Updater:351 - Updater called before beeing initialized
2025-11-07 13:03:16,142 [INFO] RulesReader:64 - Compatibility file has been processed (317 Rules)
2025-11-07 13:03:16,148 [INFO] RulesReader:64 - Compatibility file has been processed (317 Rules)
2025-11-07 13:03:16,154 [INFO] CADModel:165 - CPN selected for project level
2025-11-07 13:03:16,154 [INFO] CADModel:114 - Register for checkConnection events
2025-11-07 13:03:16,154 [FATAL] Updater:351 - Updater called before beeing initialized
2025-11-07 13:03:16,154 [ERROR] CADModel:125 - Updater not yet initialized, retry later 
2025-11-07 13:03:16,252 [FATAL] Updater:351 - Updater called before beeing initialized
2025-11-07 13:03:16,253 [INFO] CADModel:165 - CPN selected for project level
2025-11-07 13:03:16,253 [INFO] CADModel:114 - Register for checkConnection events
2025-11-07 13:03:16,253 [FATAL] Updater:351 - Updater called before beeing initialized
2025-11-07 13:03:16,253 [ERROR] CADModel:125 - Updater not yet initialized, retry later 
2025-11-07 13:03:16,255 [FATAL] Updater:351 - Updater called before beeing initialized
2025-11-07 13:03:16,313 [FATAL] Updater:351 - Updater called before beeing initialized
2025-11-07 13:03:16,317 [INFO] DbMcusAds:53 - JSON generation date=Thu Oct 02 16:36:05 ICT 2025 (1759397765645)
2025-11-07 13:03:16,317 [FATAL] Updater:351 - Updater called before beeing initialized
2025-11-07 13:03:16,340 [WARN] DetailPanel:346 - Failed to get advertising image, set to default
2025-11-07 13:03:16,382 [FATAL] Updater:351 - Updater called before beeing initialized
2025-11-07 13:03:16,383 [FATAL] Updater:351 - Updater called before beeing initialized
2025-11-07 13:03:16,383 [FATAL] Updater:351 - Updater called before beeing initialized
2025-11-07 13:03:16,383 [WARN] DetailPanel:346 - Failed to get advertising image, set to default
2025-11-07 13:03:16,384 [FATAL] Updater:351 - Updater called before beeing initialized
2025-11-07 13:03:16,410 [ERROR] Updater:1198 - MainUpdater not yet initialized. External WinMGr cannot be set.
2025-11-07 13:03:16,411 [INFO] Updater:1134 - Updater Version found : 6.15.0
2025-11-07 13:03:16,425 [INFO] ApplicationProperties:184 - Using Application install path: C:\ST\STM32CubeIDE_1.19.0\STM32CubeIDE\plugins\com.st.stm32cube.common.mx_6.15.0.202507011659
2025-11-07 13:03:17,991 [ERROR] LogOutputStream:75 - [STDERR_REDIRECT] Nov 07, 2025 1:03:17 PM java.util.prefs.WindowsPreferences <init>
2025-11-07 13:03:17,991 [ERROR] LogOutputStream:75 - [STDERR_REDIRECT] WARNING: Could not open/create prefs root node Software\JavaSoft\Prefs at root 0xffffffff80000002. Windows RegCreateKeyEx(...) returned error code 5.
2025-11-07 13:03:17,992 [ERROR] LogOutputStream:75 - [STDERR_REDIRECT] 
2025-11-07 13:03:18,260 [INFO] MainUpdater:2872 - connection check result : 10
2025-11-07 13:03:18,260 [INFO] MainUpdater:289 - Updater Check For Update Now.
2025-11-07 13:03:18,260 [INFO] MicroXplorer:498 - Change Database Version : DB.6.0.150
2025-11-07 13:03:18,263 [INFO] McuFinderGlobals:63 - Set McuFinder mode to 2 (CubeIDE integrated)
2025-11-07 13:03:18,263 [INFO] UserAuth:487 - Internet connection configuration mode: 1
2025-11-07 13:03:18,282 [INFO] JxBrowserEngine:152 - Initiate JxBrowser Engine with user profile folder
2025-11-07 13:03:18,404 [INFO] CheckServerUpdateThread:120 - End of CheckServer Thread
2025-11-07 13:03:18,763 [WARN] PackLoader:240 - Cannot read IP mode file for STMicroelectronics.FP-SNS-MOTENVWB1.1.4.0
2025-11-07 13:03:18,767 [WARN] PackLoader:240 - Cannot read IP mode file for STMicroelectronics.FP-ATR-ASTRA1.2.0.2
2025-11-07 13:03:18,770 [WARN] PackLoader:240 - Cannot read IP mode file for STMicroelectronics.X-CUBE-SMBUS.2.1.0
2025-11-07 13:03:18,773 [WARN] PackLoader:240 - Cannot read IP mode file for STMicroelectronics.X-CUBE-ST60.1.0.0
2025-11-07 13:03:18,786 [WARN] PackLoader:240 - Cannot read IP mode file for STMicroelectronics.X-CUBE-AZRTOS-F7.1.1.0
2025-11-07 13:03:18,791 [WARN] PackLoader:240 - Cannot read IP mode file for STMicroelectronics.FP-SNS-MOTENV1.5.1.0
2025-11-07 13:03:18,797 [WARN] PackLoader:240 - Cannot read IP mode file for WES.I-CUBE-Cesium.1.4.0
2025-11-07 13:03:18,807 [WARN] PackLoader:240 - Cannot read IP mode file for Infineon.AIROC-Wi-Fi-Bluetooth-STM32.1.7.1
2025-11-07 13:03:18,821 [WARN] PackLoader:240 - Cannot read IP mode file for STMicroelectronics.X-CUBE-AZRTOS-H7.3.4.0
2025-11-07 13:03:18,827 [WARN] PackLoader:240 - Cannot read IP mode file for STMicroelectronics.X-CUBE-DISPLAY.3.0.0
2025-11-07 13:03:18,834 [WARN] PackLoader:240 - Cannot read IP mode file for STMicroelectronics.X-CUBE-NFC10.1.0.0
2025-11-07 13:03:18,837 [WARN] PackLoader:240 - Cannot read IP mode file for STMicroelectronics.X-CUBE-ST60.1.1.0
2025-11-07 13:03:18,907 [WARN] PackLoader:240 - Cannot read IP mode file for emotas.I-CUBE-CANOPEN.1.3.0
2025-11-07 13:03:18,910 [WARN] PackLoader:240 - Cannot read IP mode file for STMicroelectronics.X-CUBE-GNSS1.7.1.0
2025-11-07 13:03:18,914 [WARN] PackLoader:240 - Cannot read IP mode file for STMicroelectronics.FP-SNS-STBOX1.2.1.0
2025-11-07 13:03:18,917 [WARN] PackLoader:240 - Cannot read IP mode file for STMicroelectronics.FP-SNS-SMARTAG2.1.2.0
2025-11-07 13:03:18,919 [WARN] PackLoader:240 - Cannot read IP mode file for STMicroelectronics.FP-SNS-FLIGHT1.5.1.0
2025-11-07 13:03:18,925 [INFO] LogOutputStream:77 - [STDOUT_REDIRECT] 1 : Invalid condition id : UX_CORESTACK_Condition cause : null
2025-11-07 13:03:18,925 [INFO] LogOutputStream:77 - [STDOUT_REDIRECT] 1 : Invalid condition id : UX_CORESTACK_Condition cause : null
2025-11-07 13:03:18,926 [INFO] LogOutputStream:77 - [STDOUT_REDIRECT] 1 : Invalid condition id : UX_CORESTACK_Condition cause : null
2025-11-07 13:03:18,926 [INFO] LogOutputStream:77 - [STDOUT_REDIRECT] 1 : Invalid condition id : UX_CORESTACK_Condition cause : null
2025-11-07 13:03:18,927 [INFO] LogOutputStream:77 - [STDOUT_REDIRECT] 1 : Invalid condition id : UX_CORESTACK_Condition cause : null
2025-11-07 13:03:18,927 [WARN] PackLoader:240 - Cannot read IP mode file for STMicroelectronics.X-CUBE-AZRTOS-WL.2.0.0
2025-11-07 13:03:18,929 [WARN] PackLoader:240 - Cannot read IP mode file for STMicroelectronics.FP-SNS-MOTENV1.5.0.0
2025-11-07 13:03:18,932 [WARN] PackLoader:240 - Cannot read IP mode file for STMicroelectronics.X-CUBE-BLE2.3.3.0
2025-11-07 13:03:18,936 [WARN] PackLoader:240 - Cannot read IP mode file for STMicroelectronics.X-CUBE-NFC9.1.0.0
2025-11-07 13:03:18,940 [WARN] PackLoader:240 - Cannot read IP mode file for wolfSSL.I-CUBE-wolfSSL.5.8.2
2025-11-07 13:03:18,942 [WARN] PackLoader:240 - Cannot read IP mode file for STMicroelectronics.X-CUBE-BLE1.7.1.0
2025-11-07 13:03:18,944 [WARN] PackLoader:240 - Cannot read IP mode file for wolfSSL.I-CUBE-wolfMQTT.1.19.2
2025-11-07 13:03:18,947 [WARN] PackLoader:240 - Cannot read IP mode file for STMicroelectronics.X-CUBE-EEPRMA1.5.2.0
2025-11-07 13:03:18,949 [WARN] PackLoader:240 - Cannot read IP mode file for STMicroelectronics.X-CUBE-ST67W61.1.1.0
2025-11-07 13:03:18,956 [WARN] PackLoader:240 - Cannot read IP mode file for STMicroelectronics.X-CUBE-AZRTOS-G0.1.1.0
2025-11-07 13:03:18,959 [WARN] PackLoader:240 - Cannot read IP mode file for STMicroelectronics.X-CUBE-SAFEA1.1.2.2
2025-11-07 13:03:18,961 [WARN] PackLoader:240 - Cannot read IP mode file for STMicroelectronics.X-CUBE-NFC4.3.0.0
2025-11-07 13:03:18,964 [WARN] PackLoader:240 - Cannot read IP mode file for EmbeddedOffice.I-CUBE-FS-RTOS.1.0.1
2025-11-07 13:03:18,970 [WARN] PackLoader:240 - Cannot read IP mode file for STMicroelectronics.X-CUBE-WB05N.2.0.0
2025-11-07 13:03:18,975 [WARN] PackLoader:240 - Cannot read IP mode file for wolfSSL.I-CUBE-wolfTPM.3.8.0
2025-11-07 13:03:18,978 [WARN] PackLoader:240 - Cannot read IP mode file for STMicroelectronics.X-CUBE-TCPP.4.2.0
2025-11-07 13:03:18,982 [WARN] PackLoader:240 - Cannot read IP mode file for RealThread.X-CUBE-RT-Thread_Nano.4.1.1
2025-11-07 13:03:18,984 [WARN] PackLoader:240 - Cannot read IP mode file for STMicroelectronics.FP-ATR-SIGFOX1.3.2.0
2025-11-07 13:03:18,988 [WARN] PackLoader:240 - Cannot read IP mode file for ITTIA_DB.I-CUBE-ITTIADB.8.9.0
2025-11-07 13:03:18,993 [WARN] PackLoader:240 - Cannot read IP mode file for STMicroelectronics.X-CUBE-ST67W61.1.0.0
2025-11-07 13:03:19,007 [WARN] PackLoader:240 - Cannot read IP mode file for STMicroelectronics.X-CUBE-AI.10.2.0
2025-11-07 13:03:19,019 [WARN] PackLoader:240 - Cannot read IP mode file for SEGGER.I-CUBE-embOS.1.3.1
2025-11-07 13:03:19,040 [WARN] PackLoader:240 - Cannot read IP mode file for STMicroelectronics.X-CUBE-ALGOBUILD.1.4.0
2025-11-07 13:03:19,067 [WARN] PackLoader:240 - Cannot read IP mode file for STMicroelectronics.X-CUBE-MEMS1.11.3.0
2025-11-07 13:03:19,123 [WARN] PackLoader:240 - Cannot read IP mode file for STMicroelectronics.X-CUBE-PM33A1.1.0.0
2025-11-07 13:03:19,129 [WARN] PackLoader:240 - Cannot read IP mode file for STMicroelectronics.X-CUBE-AZRTOS-F4.1.1.0
2025-11-07 13:03:19,132 [WARN] PackLoader:240 - Cannot read IP mode file for Avnet-IotConnect.X-CUBE-IoTC-DA16k-PMOD.1.0.0
2025-11-07 13:03:19,134 [WARN] PackLoader:240 - Cannot read IP mode file for STMicroelectronics.X-CUBE-ISPU.2.1.0
2025-11-07 13:03:19,143 [WARN] PackLoader:240 - Cannot read IP mode file for STMicroelectronics.X-CUBE-IPS.3.2.0
2025-11-07 13:03:19,147 [WARN] PackLoader:240 - Cannot read IP mode file for STMicroelectronics.X-CUBE-NFC12.1.0.0
2025-11-07 13:03:19,154 [WARN] PackLoader:240 - Cannot read IP mode file for STMicroelectronics.X-CUBE-AZRTOS-L5.2.0.0
2025-11-07 13:03:19,158 [WARN] PackLoader:240 - Cannot read IP mode file for STMicroelectronics.X-CUBE-NFC6.3.1.0
2025-11-07 13:03:19,169 [WARN] PackLoader:240 - Cannot read IP mode file for STMicroelectronics.X-CUBE-FREERTOS.1.3.1
2025-11-07 13:03:19,174 [WARN] PackLoader:240 - Cannot read IP mode file for STMicroelectronics.X-CUBE-TOUCHGFX.4.26.0
2025-11-07 13:03:19,177 [WARN] PackLoader:240 - Cannot read IP mode file for STMicroelectronics.FP-SNS-STAIOTCFT.1.0.0
2025-11-07 13:03:19,179 [WARN] PackLoader:240 - Cannot read IP mode file for STMicroelectronics.X-CUBE-DPower.1.3.0
2025-11-07 13:03:19,185 [WARN] ConditionMgr:438 - getConditionDescription Invalid condition id : LAN8742 Phy interface Condition cause : null
2025-11-07 13:03:19,185 [WARN] PackLoader:240 - Cannot read IP mode file for STMicroelectronics.X-CUBE-AZRTOS-L4.2.0.0
2025-11-07 13:03:19,185 [WARN] ConditionMgr:1044 - genDependencies : Invalid condition id : LAN8742 Phy interface Condition cause : null
2025-11-07 13:03:19,185 [WARN] ConditionMgr:1044 - genDependencies : Invalid condition id : LAN8742 Phy interface Condition cause : null
2025-11-07 13:03:19,186 [WARN] ConditionMgr:1044 - genDependencies : Invalid condition id : LAN8742 Phy interface Condition cause : null
2025-11-07 13:03:19,192 [WARN] PackLoader:240 - Cannot read IP mode file for STMicroelectronics.X-CUBE-SFXS2LP1.4.0.0
2025-11-07 13:03:19,197 [WARN] PackLoader:240 - Cannot read IP mode file for STMicroelectronics.X-CUBE-BLEMGR.4.1.0
2025-11-07 13:03:19,203 [WARN] ConditionMgr:438 - getConditionDescription Invalid condition id : UX DEVICE CLASS RTOS Condition cause : null
2025-11-07 13:03:19,204 [WARN] ConditionMgr:438 - getConditionDescription Invalid condition id : UX DEVICE CLASS RTOS Condition cause : null
2025-11-07 13:03:19,204 [WARN] PackLoader:240 - Cannot read IP mode file for STMicroelectronics.X-CUBE-AZRTOS-WB.2.0.0
2025-11-07 13:03:19,204 [WARN] ConditionMgr:1044 - genDependencies : Invalid condition id : UX DEVICE CLASS RTOS Condition cause : null
2025-11-07 13:03:19,204 [WARN] ConditionMgr:1044 - genDependencies : Invalid condition id : UX DEVICE CLASS RTOS Condition cause : null
2025-11-07 13:03:19,204 [WARN] ConditionMgr:1044 - genDependencies : Invalid condition id : UX DEVICE CLASS RTOS Condition cause : null
2025-11-07 13:03:19,205 [WARN] ConditionMgr:1044 - genDependencies : Invalid condition id : UX DEVICE CLASS RTOS Condition cause : null
2025-11-07 13:03:19,205 [WARN] ConditionMgr:1044 - genDependencies : Invalid condition id : UX DEVICE CLASS RTOS Condition cause : null
2025-11-07 13:03:19,207 [WARN] PackLoader:240 - Cannot read IP mode file for STMicroelectronics.X-CUBE-GNSS1.7.0.1
2025-11-07 13:03:19,209 [WARN] PackLoader:240 - Cannot read IP mode file for STMicroelectronics.X-CUBE-TOUCHGFX.4.25.0
2025-11-07 13:03:19,211 [WARN] ConditionMgr:438 - getConditionDescription Invalid condition id : Cortex-A Device cause : null
2025-11-07 13:03:19,220 [WARN] ConditionMgr:1044 - genDependencies : Invalid condition id : Cortex-A Device cause : null
2025-11-07 13:03:19,220 [WARN] ConditionMgr:1044 - genDependencies : Invalid condition id : Cortex-A Device cause : null
2025-11-07 13:03:19,220 [WARN] ConditionMgr:1044 - genDependencies : Invalid condition id : Cortex-A Device cause : null
2025-11-07 13:03:19,224 [WARN] PackLoader:240 - Cannot read IP mode file for STMicroelectronics.X-CUBE-SUBG2.5.0.0
2025-11-07 13:03:19,234 [WARN] PackLoader:240 - Cannot read IP mode file for STMicroelectronics.X-CUBE-AZRTOS-H7RS.1.1.0
2025-11-07 13:03:19,237 [WARN] PackLoader:240 - Cannot read IP mode file for Cesanta.I-CUBE-Mongoose.7.13.0
2025-11-07 13:03:19,242 [WARN] PackLoader:240 - Cannot read IP mode file for STMicroelectronics.X-CUBE-AZRTOS-G4.2.0.0
2025-11-07 13:03:19,245 [WARN] PackLoader:240 - Cannot read IP mode file for wolfSSL.I-CUBE-wolfSSH.1.4.20
2025-11-07 13:03:19,247 [WARN] PackLoader:240 - Cannot read IP mode file for STMicroelectronics.X-CUBE-NFC7.2.0.0
2025-11-07 13:03:19,252 [WARN] PackLoader:240 - Cannot read IP mode file for STMicroelectronics.X-CUBE-IPS.3.1.0
2025-11-07 13:03:19,257 [WARN] PackLoader:240 - Cannot read IP mode file for STMicroelectronics.X-CUBE-ALS.1.0.2
2025-11-07 13:03:19,260 [WARN] PackLoader:240 - Cannot read IP mode file for STMicroelectronics.X-CUBE-STSE01.1.0.0
2025-11-07 13:03:19,264 [WARN] PackLoader:240 - Cannot read IP mode file for portGmbH.I-Cube-SoM-uGOAL.1.1.0
2025-11-07 13:03:19,269 [WARN] PackLoader:240 - Cannot read IP mode file for STMicroelectronics.X-CUBE-TOF1.3.4.3
2025-11-07 13:03:19,274 [INFO] ThirdParty:978 - Integrity check success = true
2025-11-07 13:03:19,275 [INFO] IntegrityCheckThread:100 - exiting critical section [integrity check]
2025-11-07 13:03:19,275 [INFO] IntegrityCheckThread:103 - End integrity checks thread
2025-11-07 13:03:19,400 [INFO] WebApp:169 - Instantiating new browser for Auth
2025-11-07 13:03:19,756 [INFO] WebApp:463 - Apply proxy settings
2025-11-07 13:03:19,756 [INFO] WebApp:548 - Chromium requires no authentication
2025-11-07 13:03:19,761 [INFO] WebApp:491 - Direct internet connection detected
2025-11-07 13:03:19,774 [INFO] WebApp:900 - Register for checkConnection events
2025-11-07 13:03:19,774 [INFO] WebApp:463 - Apply proxy settings
2025-11-07 13:03:19,774 [INFO] WebApp:548 - Chromium requires no authentication
2025-11-07 13:03:19,774 [INFO] WebApp:491 - Direct internet connection detected
2025-11-07 13:03:19,882 [INFO] WebApp:225 - Starting web application
2025-11-07 13:03:19,882 [INFO] WebApp:593 - Web application path used C:\ST\STM32CubeIDE_1.19.0\STM32CubeIDE\plugins\com.st.stm32cube.common.mx_6.15.0.202507011659\db\plugins\mcufinder\reactClient1\index.html
2025-11-07 13:03:19,965 [INFO] UserAuth:487 - Internet connection configuration mode: 1
2025-11-07 13:03:20,110 [INFO] WebApp:191 - Connection restablished
2025-11-07 13:06:00,141 [INFO] WebApp:194 - Connection lost
2025-11-07 13:06:01,028 [INFO] WebApp:191 - Connection restablished
2025-11-07 13:06:02,279 [INFO] WebApp:194 - Connection lost
2025-11-07 13:06:02,554 [INFO] WebApp:191 - Connection restablished
2025-11-07 23:46:19,810 [INFO] WebApp:194 - Connection lost
2025-11-07 23:46:20,129 [INFO] WebApp:191 - Connection restablished
2025-11-07 23:46:23,297 [INFO] WebApp:194 - Connection lost
2025-11-07 23:46:23,431 [INFO] WebApp:191 - Connection restablished
