2025-11-08 04:02:44,122 [INFO] WebApp:403 - JxBrowser engine has been closed 
2025-11-08 11:11:55,757 [INFO] Activator:176 - 


2025-11-08 11:11:55,758 [INFO] Activator:177 - !SESSION log4j initialized
2025-11-08 11:11:58,704 [INFO] LogOutputStream:77 - [STDOUT_REDIRECT] 
2025-11-08 11:12:04,153 [INFO] ApplicationProperties:184 - Using Application install path: C:\ST\STM32CubeIDE_1.19.0\STM32CubeIDE\plugins\com.st.stm32cube.common.mx_6.15.0.202507011659
2025-11-08 11:12:04,164 [INFO] DbMcusXml:78 - Set database path to: C:\ST\STM32CubeIDE_1.19.0\STM32CubeIDE\plugins\com.st.stm32cube.common.mx_6.15.0.202507011659\\db\/mcu/
2025-11-08 11:12:04,164 [INFO] ApiDb:274 - Set plugin database path to: C:\ST\STM32CubeIDE_1.19.0\STM32CubeIDE\plugins\com.st.stm32cube.common.mx_6.15.0.202507011659\\db\/plugins/boardmanager/
2025-11-08 11:12:04,164 [WARN] ApiDb:259 - Overriding images path with different value:  => C:\ST\STM32CubeIDE_1.19.0\STM32CubeIDE\plugins\com.st.stm32cube.common.mx_6.15.0.202507011659\\db\/plugins/mcufinder/images/
2025-11-08 11:12:04,170 [INFO] ApiDb:250 - Set database path to: C:\Users\Admin\.stmcufinder\plugins\mcufinder//mcu/
2025-11-08 11:12:04,170 [INFO] DbMcusAds:125 - Set database path to: C:\Users\Admin\.stmcufinder\plugins\mcufinder//mcu/
2025-11-08 11:12:04,172 [INFO] CrossReferenceDbSqlite:203 - Set database path to: C:\Users\Admin\.stmcufinder\plugins\mcufinder//mcu/cs/
2025-11-08 11:12:04,231 [INFO] RulesReader:64 - Compatibility file has been processed (317 Rules)
2025-11-08 11:12:04,280 [INFO] DbMcusXml:78 - Set database path to: C:\ST\STM32CubeIDE_1.19.0\STM32CubeIDE\plugins\com.st.stm32cube.common.mx_6.15.0.202507011659\\db\/mcu/
2025-11-08 11:12:04,280 [INFO] ApiDb:274 - Set plugin database path to: C:\ST\STM32CubeIDE_1.19.0\STM32CubeIDE\plugins\com.st.stm32cube.common.mx_6.15.0.202507011659\\db\/plugins/boardmanager/
2025-11-08 11:12:04,280 [INFO] ApiDb:261 - Set plugin images path to: C:\ST\STM32CubeIDE_1.19.0\STM32CubeIDE\plugins\com.st.stm32cube.common.mx_6.15.0.202507011659\\db\/plugins/mcufinder/images/
2025-11-08 11:12:04,280 [WARN] DbFile:41 - Overriding database path with different value: C:\Users\Admin\.stmcufinder\plugins\mcufinder/ => C:\Users\Admin\.stmcufinder\plugins\mcufinder
2025-11-08 11:12:04,280 [INFO] ApiDb:250 - Set database path to: C:\Users\Admin\.stmcufinder\plugins\mcufinder//mcu/
2025-11-08 11:12:04,281 [WARN] DbFile:41 - Overriding database path with different value: C:\Users\Admin\.stmcufinder\plugins\mcufinder/ => C:\Users\Admin\.stmcufinder\plugins\mcufinder
2025-11-08 11:12:04,281 [INFO] DbMcusAds:125 - Set database path to: C:\Users\Admin\.stmcufinder\plugins\mcufinder//mcu/
2025-11-08 11:12:04,281 [WARN] DbFile:41 - Overriding database path with different value: C:\Users\Admin\.stmcufinder\plugins\mcufinder/ => C:\Users\Admin\.stmcufinder\plugins\mcufinder
2025-11-08 11:12:04,281 [WARN] DbFile:41 - Overriding database path with different value: C:\Users\Admin\.stmcufinder\plugins\mcufinder/ => C:\Users\Admin\.stmcufinder\plugins\mcufinder
2025-11-08 11:12:04,281 [INFO] CrossReferenceDbSqlite:203 - Set database path to: C:\Users\Admin\.stmcufinder\plugins\mcufinder//mcu/cs/
2025-11-08 11:12:04,322 [INFO] MainPanel:274 - HeapMemory: 268435456
2025-11-08 11:12:04,392 [INFO] DbMcusXml:78 - Set database path to: C:\ST\STM32CubeIDE_1.19.0\STM32CubeIDE\plugins\com.st.stm32cube.common.mx_6.15.0.202507011659\\db\/mcu/
2025-11-08 11:12:04,392 [INFO] ApiDb:274 - Set plugin database path to: C:\ST\STM32CubeIDE_1.19.0\STM32CubeIDE\plugins\com.st.stm32cube.common.mx_6.15.0.202507011659\\db\/plugins/boardmanager/
2025-11-08 11:12:04,392 [INFO] ApiDb:261 - Set plugin images path to: C:\ST\STM32CubeIDE_1.19.0\STM32CubeIDE\plugins\com.st.stm32cube.common.mx_6.15.0.202507011659\\db\/plugins/mcufinder/images/
2025-11-08 11:12:04,392 [WARN] DbFile:41 - Overriding database path with different value: C:\Users\Admin\.stmcufinder\plugins\mcufinder/ => C:\Users\Admin\.stmcufinder\plugins\mcufinder
2025-11-08 11:12:04,392 [INFO] ApiDb:250 - Set database path to: C:\Users\Admin\.stmcufinder\plugins\mcufinder//mcu/
2025-11-08 11:12:04,393 [WARN] DbFile:41 - Overriding database path with different value: C:\Users\Admin\.stmcufinder\plugins\mcufinder/ => C:\Users\Admin\.stmcufinder\plugins\mcufinder
2025-11-08 11:12:04,393 [INFO] DbMcusAds:125 - Set database path to: C:\Users\Admin\.stmcufinder\plugins\mcufinder//mcu/
2025-11-08 11:12:04,393 [WARN] DbFile:41 - Overriding database path with different value: C:\Users\Admin\.stmcufinder\plugins\mcufinder/ => C:\Users\Admin\.stmcufinder\plugins\mcufinder
2025-11-08 11:12:04,393 [WARN] DbFile:41 - Overriding database path with different value: C:\Users\Admin\.stmcufinder\plugins\mcufinder/ => C:\Users\Admin\.stmcufinder\plugins\mcufinder
2025-11-08 11:12:04,393 [INFO] CrossReferenceDbSqlite:203 - Set database path to: C:\Users\Admin\.stmcufinder\plugins\mcufinder//mcu/cs/
2025-11-08 11:12:04,403 [INFO] ApplicationProperties:184 - Using Application install path: C:\ST\STM32CubeIDE_1.19.0\STM32CubeIDE\plugins\com.st.stm32cube.common.mx_6.15.0.202507011659
2025-11-08 11:12:04,404 [INFO] PluginManage:196 - Search for loadable plugins [exclusion list=, ]
2025-11-08 11:12:04,405 [INFO] PluginManage:310 - Check plugin analytics
2025-11-08 11:12:09,461 [INFO] AnalyticsPlugin:253 - Accepted Software Licenses: STM32CubeMX.6.15.0
2025-11-08 11:12:09,462 [INFO] AnalyticsPlugin:255 - Accepted CMSIS Pack Licenses: 
2025-11-08 11:12:09,462 [INFO] AnalyticsPlugin:257 - Accepted Firmware Licenses: FW.F7.1.17.0
2025-11-08 11:12:09,463 [INFO] PluginManage:359 - Loaded plugin analytics (category:tool,tabindex:-1)
2025-11-08 11:12:09,463 [INFO] PluginManage:310 - Check plugin cadmodel
2025-11-08 11:12:09,466 [INFO] CADModel:105 - Init CAD model plugin
2025-11-08 11:12:09,466 [INFO] PluginManage:359 - Loaded plugin cadmodel (category:power,tabindex:5)
2025-11-08 11:12:09,467 [INFO] PluginManage:310 - Check plugin clock
2025-11-08 11:12:09,472 [INFO] PluginManage:359 - Loaded plugin clock (category:base,tabindex:2)
2025-11-08 11:12:09,472 [INFO] PluginManage:310 - Check plugin ddr
2025-11-08 11:12:09,473 [INFO] PluginManage:359 - Loaded plugin ddr (category:tool,tabindex:6)
2025-11-08 11:12:09,473 [INFO] PluginManage:310 - Check plugin filemanager
2025-11-08 11:12:09,553 [INFO] PluginManage:359 - Loaded plugin filemanager (category:base,tabindex:10)
2025-11-08 11:12:09,553 [INFO] PluginManage:310 - Check plugin ipmanager
2025-11-08 11:12:09,556 [INFO] PluginManage:359 - Loaded plugin ipmanager (category:base,tabindex:5)
2025-11-08 11:12:09,556 [INFO] PluginManage:310 - Check plugin lpbam
2025-11-08 11:12:09,561 [INFO] PluginManage:359 - Loaded plugin lpbam (category:base,tabindex:0)
2025-11-08 11:12:09,561 [INFO] PluginManage:310 - Check plugin memorymap
2025-11-08 11:12:09,569 [INFO] PluginManage:359 - Loaded plugin memorymap (category:base,tabindex:4)
2025-11-08 11:12:09,569 [INFO] PluginManage:310 - Check plugin pinoutandconfiguration
2025-11-08 11:12:09,573 [INFO] PluginManage:359 - Loaded plugin pinoutandconfiguration (category:base,tabindex:1)
2025-11-08 11:12:09,573 [INFO] PluginManage:310 - Check plugin pinoutconfig
2025-11-08 11:12:09,617 [WARN] SupportedApi:132 - Cannot load RTOS API schema: s4s-elt-must-match.1: The content of 'definitions' must match (annotation?, (simpleType | complexType)?, (unique | key | keyref)*)). A problem was found starting at: attribute.
2025-11-08 11:12:09,684 [INFO] PluginManage:359 - Loaded plugin pinoutconfig (category:base,tabindex:0)
2025-11-08 11:12:09,684 [INFO] PluginManage:310 - Check plugin power
2025-11-08 11:12:09,689 [INFO] PluginManage:359 - Loaded plugin power (category:power,tabindex:4)
2025-11-08 11:12:09,689 [INFO] PluginManage:310 - Check plugin projectmanager
2025-11-08 11:12:09,697 [INFO] PluginManage:359 - Loaded plugin projectmanager (category:projectmanager,tabindex:4)
2025-11-08 11:12:09,697 [INFO] PluginManage:310 - Check plugin rif
2025-11-08 11:12:09,707 [INFO] PluginManage:359 - Loaded plugin rif (category:base,tabindex:3)
2025-11-08 11:12:09,707 [INFO] PluginManage:310 - Check plugin thirdparty
2025-11-08 11:12:09,780 [INFO] PluginManage:359 - Loaded plugin thirdparty (category:base,tabindex:-1)
2025-11-08 11:12:09,780 [WARN] IntegrityCheckThread:84 - waiting for thirdparty lock release [integrity check]
2025-11-08 11:12:09,780 [INFO] PluginManage:310 - Check plugin tools
2025-11-08 11:12:09,780 [INFO] IntegrityCheckThread:86 - entering critical section [integrity check]
2025-11-08 11:12:09,780 [INFO] ThirdPartyUpdaterWithRetryManager:70 - Updater plugin not ready yet. [1/15]
2025-11-08 11:12:09,782 [INFO] PluginManage:359 - Loaded plugin tools (category:base,tabindex:7)
2025-11-08 11:12:09,782 [INFO] PluginManage:310 - Check plugin tutovideos
2025-11-08 11:12:09,894 [INFO] PluginManage:359 - Loaded plugin tutovideos (category:base,tabindex:-1)
2025-11-08 11:12:09,894 [INFO] PluginManage:310 - Check plugin updater
2025-11-08 11:12:09,907 [INFO] PluginManage:359 - Loaded plugin updater (category:base,tabindex:12)
2025-11-08 11:12:09,907 [INFO] PluginManage:310 - Check plugin userauth
2025-11-08 11:12:09,909 [INFO] UserAuth:118 - Init User Auth plugin
2025-11-08 11:12:09,910 [INFO] PluginManage:359 - Loaded plugin userauth (category:base,tabindex:14)
2025-11-08 11:12:09,910 [INFO] PluginManage:283 - PluginManage : Loaded plugins [18]
2025-11-08 11:12:10,025 [INFO] PinOutPanel:1589 - setPackage(No Configuration,No Configuration)
2025-11-08 11:12:10,068 [INFO] CADModel:165 - CPN selected for project level
2025-11-08 11:12:10,068 [INFO] CADModel:114 - Register for checkConnection events
2025-11-08 11:12:10,078 [INFO] IPUIPlugin:80 - create IPUIPlugin
2025-11-08 11:12:10,078 [INFO] PluginManager:220 - loadIPPluginJar : add adc
2025-11-08 11:12:10,080 [INFO] IPUIPlugin:80 - create IPUIPlugin
2025-11-08 11:12:10,080 [INFO] PluginManager:220 - loadIPPluginJar : add aes
2025-11-08 11:12:10,081 [INFO] IPUIPlugin:80 - create IPUIPlugin
2025-11-08 11:12:10,081 [INFO] PluginManager:220 - loadIPPluginJar : add can
2025-11-08 11:12:10,082 [INFO] IPUIPlugin:80 - create IPUIPlugin
2025-11-08 11:12:10,082 [INFO] PluginManager:220 - loadIPPluginJar : add comp
2025-11-08 11:12:10,083 [INFO] IPUIPlugin:80 - create IPUIPlugin
2025-11-08 11:12:10,083 [INFO] PluginManager:220 - loadIPPluginJar : add cryp
2025-11-08 11:12:10,085 [INFO] IPUIPlugin:80 - create IPUIPlugin
2025-11-08 11:12:10,085 [INFO] PluginManager:220 - loadIPPluginJar : add ddr_ctrl_phy
2025-11-08 11:12:10,086 [INFO] IPUIPlugin:80 - create IPUIPlugin
2025-11-08 11:12:10,086 [INFO] PluginManager:220 - loadIPPluginJar : add dfsdm
2025-11-08 11:12:10,089 [INFO] IPUIPlugin:80 - create IPUIPlugin
2025-11-08 11:12:10,089 [INFO] PluginManager:220 - loadIPPluginJar : add dma
2025-11-08 11:12:10,091 [INFO] IPUIPlugin:80 - create IPUIPlugin
2025-11-08 11:12:10,091 [INFO] PluginManager:220 - loadIPPluginJar : add dma3
2025-11-08 11:12:10,092 [INFO] IPUIPlugin:80 - create IPUIPlugin
2025-11-08 11:12:10,092 [INFO] PluginManager:220 - loadIPPluginJar : add extmemmanager
2025-11-08 11:12:10,093 [INFO] IPUIPlugin:80 - create IPUIPlugin
2025-11-08 11:12:10,093 [INFO] PluginManager:220 - loadIPPluginJar : add fatfs
2025-11-08 11:12:10,095 [INFO] IPUIPlugin:80 - create IPUIPlugin
2025-11-08 11:12:10,095 [INFO] PluginManager:220 - loadIPPluginJar : add fmc
2025-11-08 11:12:10,099 [INFO] IPUIPlugin:80 - create IPUIPlugin
2025-11-08 11:12:10,099 [INFO] PluginManager:220 - loadIPPluginJar : add freertos
2025-11-08 11:12:10,100 [INFO] IPUIPlugin:80 - create IPUIPlugin
2025-11-08 11:12:10,100 [INFO] PluginManager:220 - loadIPPluginJar : add genericplugin
2025-11-08 11:12:10,102 [INFO] IPUIPlugin:80 - create IPUIPlugin
2025-11-08 11:12:10,102 [INFO] PluginManager:220 - loadIPPluginJar : add gfxmmu
2025-11-08 11:12:10,104 [INFO] IPUIPlugin:80 - create IPUIPlugin
2025-11-08 11:12:10,104 [INFO] PluginManager:220 - loadIPPluginJar : add gic
2025-11-08 11:12:10,106 [INFO] IPUIPlugin:80 - create IPUIPlugin
2025-11-08 11:12:10,106 [INFO] PluginManager:220 - loadIPPluginJar : add gpio
2025-11-08 11:12:10,108 [INFO] IPUIPlugin:80 - create IPUIPlugin
2025-11-08 11:12:10,108 [INFO] PluginManager:220 - loadIPPluginJar : add gtzc
2025-11-08 11:12:10,109 [INFO] IPUIPlugin:80 - create IPUIPlugin
2025-11-08 11:12:10,109 [INFO] PluginManager:220 - loadIPPluginJar : add hash
2025-11-08 11:12:10,110 [INFO] IPUIPlugin:80 - create IPUIPlugin
2025-11-08 11:12:10,110 [INFO] PluginManager:220 - loadIPPluginJar : add i2c
2025-11-08 11:12:10,111 [INFO] IPUIPlugin:80 - create IPUIPlugin
2025-11-08 11:12:10,112 [INFO] PluginManager:220 - loadIPPluginJar : add i2s
2025-11-08 11:12:10,113 [INFO] IPUIPlugin:80 - create IPUIPlugin
2025-11-08 11:12:10,113 [INFO] PluginManager:220 - loadIPPluginJar : add i3c
2025-11-08 11:12:10,115 [INFO] IPUIPlugin:80 - create IPUIPlugin
2025-11-08 11:12:10,115 [INFO] PluginManager:220 - loadIPPluginJar : add ipddr
2025-11-08 11:12:10,119 [INFO] IPUIPlugin:80 - create IPUIPlugin
2025-11-08 11:12:10,119 [INFO] PluginManager:220 - loadIPPluginJar : add linkedlist
2025-11-08 11:12:10,121 [INFO] IPUIPlugin:80 - create IPUIPlugin
2025-11-08 11:12:10,121 [INFO] PluginManager:220 - loadIPPluginJar : add lorawan
2025-11-08 11:12:10,121 [INFO] IPUIPlugin:80 - create IPUIPlugin
2025-11-08 11:12:10,121 [INFO] PluginManager:220 - loadIPPluginJar : add ltdc
2025-11-08 11:12:10,124 [INFO] IPUIPlugin:80 - create IPUIPlugin
2025-11-08 11:12:10,124 [INFO] PluginManager:220 - loadIPPluginJar : add mdma
2025-11-08 11:12:10,126 [INFO] IPUIPlugin:80 - create IPUIPlugin
2025-11-08 11:12:10,126 [INFO] PluginManager:220 - loadIPPluginJar : add nvic
2025-11-08 11:12:10,127 [INFO] IPUIPlugin:80 - create IPUIPlugin
2025-11-08 11:12:10,127 [INFO] PluginManager:220 - loadIPPluginJar : add opamp
2025-11-08 11:12:10,129 [INFO] IPUIPlugin:80 - create IPUIPlugin
2025-11-08 11:12:10,129 [INFO] PluginManager:220 - loadIPPluginJar : add openamp
2025-11-08 11:12:10,130 [INFO] IPUIPlugin:80 - create IPUIPlugin
2025-11-08 11:12:10,130 [INFO] PluginManager:220 - loadIPPluginJar : add pdm2pcm
2025-11-08 11:12:10,134 [INFO] IPUIPlugin:80 - create IPUIPlugin
2025-11-08 11:12:10,135 [INFO] PluginManager:220 - loadIPPluginJar : add plateformsettings
2025-11-08 11:12:10,136 [INFO] IPUIPlugin:80 - create IPUIPlugin
2025-11-08 11:12:10,136 [INFO] PluginManager:220 - loadIPPluginJar : add quadspi
2025-11-08 11:12:10,137 [INFO] IPUIPlugin:80 - create IPUIPlugin
2025-11-08 11:12:10,137 [INFO] PluginManager:220 - loadIPPluginJar : add radio
2025-11-08 11:12:10,139 [INFO] IPUIPlugin:80 - create IPUIPlugin
2025-11-08 11:12:10,139 [INFO] PluginManager:220 - loadIPPluginJar : add resmgrutility
2025-11-08 11:12:10,141 [INFO] IPUIPlugin:80 - create IPUIPlugin
2025-11-08 11:12:10,141 [INFO] PluginManager:220 - loadIPPluginJar : add sai
2025-11-08 11:12:10,142 [INFO] IPUIPlugin:80 - create IPUIPlugin
2025-11-08 11:12:10,142 [INFO] PluginManager:220 - loadIPPluginJar : add spi
2025-11-08 11:12:10,145 [INFO] IPUIPlugin:80 - create IPUIPlugin
2025-11-08 11:12:10,145 [INFO] PluginManager:220 - loadIPPluginJar : add stm32_wpan
2025-11-08 11:12:10,146 [INFO] IPUIPlugin:80 - create IPUIPlugin
2025-11-08 11:12:10,146 [INFO] PluginManager:220 - loadIPPluginJar : add tim
2025-11-08 11:12:10,148 [INFO] IPUIPlugin:80 - create IPUIPlugin
2025-11-08 11:12:10,148 [INFO] PluginManager:220 - loadIPPluginJar : add touchsensing
2025-11-08 11:12:10,149 [INFO] IPUIPlugin:80 - create IPUIPlugin
2025-11-08 11:12:10,149 [INFO] PluginManager:220 - loadIPPluginJar : add tracer_emb
2025-11-08 11:12:10,150 [INFO] IPUIPlugin:80 - create IPUIPlugin
2025-11-08 11:12:10,150 [INFO] PluginManager:220 - loadIPPluginJar : add ts
2025-11-08 11:12:10,151 [INFO] IPUIPlugin:80 - create IPUIPlugin
2025-11-08 11:12:10,151 [INFO] PluginManager:220 - loadIPPluginJar : add tsc
2025-11-08 11:12:10,152 [INFO] IPUIPlugin:80 - create IPUIPlugin
2025-11-08 11:12:10,152 [INFO] PluginManager:220 - loadIPPluginJar : add ucpd
2025-11-08 11:12:10,153 [INFO] IPUIPlugin:80 - create IPUIPlugin
2025-11-08 11:12:10,154 [INFO] PluginManager:220 - loadIPPluginJar : add usart
2025-11-08 11:12:10,155 [INFO] IPUIPlugin:80 - create IPUIPlugin
2025-11-08 11:12:10,155 [INFO] PluginManager:220 - loadIPPluginJar : add usbx
2025-11-08 11:12:10,255 [FATAL] Updater:351 - Updater called before beeing initialized
2025-11-08 11:12:10,269 [INFO] RulesReader:64 - Compatibility file has been processed (317 Rules)
2025-11-08 11:12:10,275 [INFO] RulesReader:64 - Compatibility file has been processed (317 Rules)
2025-11-08 11:12:10,281 [INFO] CADModel:165 - CPN selected for project level
2025-11-08 11:12:10,281 [INFO] CADModel:114 - Register for checkConnection events
2025-11-08 11:12:10,281 [FATAL] Updater:351 - Updater called before beeing initialized
2025-11-08 11:12:10,281 [ERROR] CADModel:125 - Updater not yet initialized, retry later 
2025-11-08 11:12:10,371 [FATAL] Updater:351 - Updater called before beeing initialized
2025-11-08 11:12:10,372 [INFO] CADModel:165 - CPN selected for project level
2025-11-08 11:12:10,372 [INFO] CADModel:114 - Register for checkConnection events
2025-11-08 11:12:10,373 [FATAL] Updater:351 - Updater called before beeing initialized
2025-11-08 11:12:10,373 [ERROR] CADModel:125 - Updater not yet initialized, retry later 
2025-11-08 11:12:10,374 [FATAL] Updater:351 - Updater called before beeing initialized
2025-11-08 11:12:10,427 [FATAL] Updater:351 - Updater called before beeing initialized
2025-11-08 11:12:10,429 [INFO] DbMcusAds:53 - JSON generation date=Thu Oct 02 16:36:05 ICT 2025 (1759397765645)
2025-11-08 11:12:10,429 [FATAL] Updater:351 - Updater called before beeing initialized
2025-11-08 11:12:10,450 [WARN] DetailPanel:346 - Failed to get advertising image, set to default
2025-11-08 11:12:10,492 [FATAL] Updater:351 - Updater called before beeing initialized
2025-11-08 11:12:10,493 [FATAL] Updater:351 - Updater called before beeing initialized
2025-11-08 11:12:10,493 [FATAL] Updater:351 - Updater called before beeing initialized
2025-11-08 11:12:10,494 [WARN] DetailPanel:346 - Failed to get advertising image, set to default
2025-11-08 11:12:10,494 [FATAL] Updater:351 - Updater called before beeing initialized
2025-11-08 11:12:10,519 [ERROR] Updater:1198 - MainUpdater not yet initialized. External WinMGr cannot be set.
2025-11-08 11:12:10,520 [INFO] Updater:1134 - Updater Version found : 6.15.0
2025-11-08 11:12:10,531 [INFO] ApplicationProperties:184 - Using Application install path: C:\ST\STM32CubeIDE_1.19.0\STM32CubeIDE\plugins\com.st.stm32cube.common.mx_6.15.0.202507011659
2025-11-08 11:12:12,095 [ERROR] LogOutputStream:75 - [STDERR_REDIRECT] Nov 08, 2025 11:12:12 AM java.util.prefs.WindowsPreferences <init>
2025-11-08 11:12:12,095 [ERROR] LogOutputStream:75 - [STDERR_REDIRECT] WARNING: Could not open/create prefs root node Software\JavaSoft\Prefs at root 0xffffffff80000002. Windows RegCreateKeyEx(...) returned error code 5.
2025-11-08 11:12:12,096 [ERROR] LogOutputStream:75 - [STDERR_REDIRECT] 
2025-11-08 11:12:12,290 [INFO] MainUpdater:2872 - connection check result : 10
2025-11-08 11:12:12,290 [INFO] MainUpdater:289 - Updater Check For Update Now.
2025-11-08 11:12:12,290 [INFO] MicroXplorer:498 - Change Database Version : DB.6.0.150
2025-11-08 11:12:12,293 [INFO] McuFinderGlobals:63 - Set McuFinder mode to 2 (CubeIDE integrated)
2025-11-08 11:12:12,294 [INFO] UserAuth:487 - Internet connection configuration mode: 1
2025-11-08 11:12:12,315 [INFO] JxBrowserEngine:152 - Initiate JxBrowser Engine with user profile folder
2025-11-08 11:12:12,434 [INFO] CheckServerUpdateThread:120 - End of CheckServer Thread
2025-11-08 11:12:12,977 [WARN] PackLoader:240 - Cannot read IP mode file for STMicroelectronics.FP-SNS-MOTENVWB1.1.4.0
2025-11-08 11:12:12,981 [WARN] PackLoader:240 - Cannot read IP mode file for STMicroelectronics.FP-ATR-ASTRA1.2.0.2
2025-11-08 11:12:12,985 [WARN] PackLoader:240 - Cannot read IP mode file for STMicroelectronics.X-CUBE-SMBUS.2.1.0
2025-11-08 11:12:12,987 [WARN] PackLoader:240 - Cannot read IP mode file for STMicroelectronics.X-CUBE-ST60.1.0.0
2025-11-08 11:12:13,001 [WARN] PackLoader:240 - Cannot read IP mode file for STMicroelectronics.X-CUBE-AZRTOS-F7.1.1.0
2025-11-08 11:12:13,005 [WARN] PackLoader:240 - Cannot read IP mode file for STMicroelectronics.FP-SNS-MOTENV1.5.1.0
2025-11-08 11:12:13,011 [WARN] PackLoader:240 - Cannot read IP mode file for WES.I-CUBE-Cesium.1.4.0
2025-11-08 11:12:13,022 [WARN] PackLoader:240 - Cannot read IP mode file for Infineon.AIROC-Wi-Fi-Bluetooth-STM32.1.7.1
2025-11-08 11:12:13,035 [WARN] PackLoader:240 - Cannot read IP mode file for STMicroelectronics.X-CUBE-AZRTOS-H7.3.4.0
2025-11-08 11:12:13,041 [WARN] PackLoader:240 - Cannot read IP mode file for STMicroelectronics.X-CUBE-DISPLAY.3.0.0
2025-11-08 11:12:13,046 [WARN] PackLoader:240 - Cannot read IP mode file for STMicroelectronics.X-CUBE-NFC10.1.0.0
2025-11-08 11:12:13,049 [WARN] PackLoader:240 - Cannot read IP mode file for STMicroelectronics.X-CUBE-ST60.1.1.0
2025-11-08 11:12:13,052 [WARN] PackLoader:240 - Cannot read IP mode file for emotas.I-CUBE-CANOPEN.1.3.0
2025-11-08 11:12:13,054 [WARN] PackLoader:240 - Cannot read IP mode file for STMicroelectronics.X-CUBE-GNSS1.7.1.0
2025-11-08 11:12:13,058 [WARN] PackLoader:240 - Cannot read IP mode file for STMicroelectronics.FP-SNS-STBOX1.2.1.0
2025-11-08 11:12:13,061 [WARN] PackLoader:240 - Cannot read IP mode file for STMicroelectronics.FP-SNS-SMARTAG2.1.2.0
2025-11-08 11:12:13,064 [WARN] PackLoader:240 - Cannot read IP mode file for STMicroelectronics.FP-SNS-FLIGHT1.5.1.0
2025-11-08 11:12:13,071 [INFO] LogOutputStream:77 - [STDOUT_REDIRECT] 1 : Invalid condition id : UX_CORESTACK_Condition cause : null
2025-11-08 11:12:13,072 [INFO] LogOutputStream:77 - [STDOUT_REDIRECT] 1 : Invalid condition id : UX_CORESTACK_Condition cause : null
2025-11-08 11:12:13,072 [INFO] LogOutputStream:77 - [STDOUT_REDIRECT] 1 : Invalid condition id : UX_CORESTACK_Condition cause : null
2025-11-08 11:12:13,073 [INFO] LogOutputStream:77 - [STDOUT_REDIRECT] 1 : Invalid condition id : UX_CORESTACK_Condition cause : null
2025-11-08 11:12:13,074 [INFO] LogOutputStream:77 - [STDOUT_REDIRECT] 1 : Invalid condition id : UX_CORESTACK_Condition cause : null
2025-11-08 11:12:13,075 [WARN] PackLoader:240 - Cannot read IP mode file for STMicroelectronics.X-CUBE-AZRTOS-WL.2.0.0
2025-11-08 11:12:13,078 [WARN] PackLoader:240 - Cannot read IP mode file for STMicroelectronics.FP-SNS-MOTENV1.5.0.0
2025-11-08 11:12:13,084 [WARN] PackLoader:240 - Cannot read IP mode file for STMicroelectronics.X-CUBE-BLE2.3.3.0
2025-11-08 11:12:13,090 [WARN] PackLoader:240 - Cannot read IP mode file for STMicroelectronics.X-CUBE-NFC9.1.0.0
2025-11-08 11:12:13,095 [WARN] PackLoader:240 - Cannot read IP mode file for wolfSSL.I-CUBE-wolfSSL.5.8.2
2025-11-08 11:12:13,099 [WARN] PackLoader:240 - Cannot read IP mode file for STMicroelectronics.X-CUBE-BLE1.7.1.0
2025-11-08 11:12:13,102 [WARN] PackLoader:240 - Cannot read IP mode file for wolfSSL.I-CUBE-wolfMQTT.1.19.2
2025-11-08 11:12:13,107 [WARN] PackLoader:240 - Cannot read IP mode file for STMicroelectronics.X-CUBE-EEPRMA1.5.2.0
2025-11-08 11:12:13,114 [WARN] PackLoader:240 - Cannot read IP mode file for STMicroelectronics.X-CUBE-ST67W61.1.1.0
2025-11-08 11:12:13,121 [WARN] PackLoader:240 - Cannot read IP mode file for STMicroelectronics.X-CUBE-AZRTOS-G0.1.1.0
2025-11-08 11:12:13,126 [WARN] PackLoader:240 - Cannot read IP mode file for STMicroelectronics.X-CUBE-SAFEA1.1.2.2
2025-11-08 11:12:13,133 [WARN] PackLoader:240 - Cannot read IP mode file for STMicroelectronics.X-CUBE-NFC4.3.0.0
2025-11-08 11:12:13,144 [WARN] PackLoader:240 - Cannot read IP mode file for EmbeddedOffice.I-CUBE-FS-RTOS.1.0.1
2025-11-08 11:12:13,148 [WARN] PackLoader:240 - Cannot read IP mode file for STMicroelectronics.X-CUBE-WB05N.2.0.0
2025-11-08 11:12:13,151 [WARN] PackLoader:240 - Cannot read IP mode file for wolfSSL.I-CUBE-wolfTPM.3.8.0
2025-11-08 11:12:13,154 [WARN] PackLoader:240 - Cannot read IP mode file for STMicroelectronics.X-CUBE-TCPP.4.2.0
2025-11-08 11:12:13,157 [WARN] PackLoader:240 - Cannot read IP mode file for RealThread.X-CUBE-RT-Thread_Nano.4.1.1
2025-11-08 11:12:13,160 [WARN] PackLoader:240 - Cannot read IP mode file for STMicroelectronics.FP-ATR-SIGFOX1.3.2.0
2025-11-08 11:12:13,179 [WARN] PackLoader:240 - Cannot read IP mode file for ITTIA_DB.I-CUBE-ITTIADB.8.9.0
2025-11-08 11:12:13,185 [WARN] PackLoader:240 - Cannot read IP mode file for STMicroelectronics.X-CUBE-ST67W61.1.0.0
2025-11-08 11:12:13,189 [WARN] PackLoader:240 - Cannot read IP mode file for STMicroelectronics.X-CUBE-AI.10.2.0
2025-11-08 11:12:13,200 [WARN] PackLoader:240 - Cannot read IP mode file for SEGGER.I-CUBE-embOS.1.3.1
2025-11-08 11:12:13,221 [WARN] PackLoader:240 - Cannot read IP mode file for STMicroelectronics.X-CUBE-ALGOBUILD.1.4.0
2025-11-08 11:12:13,237 [WARN] PackLoader:240 - Cannot read IP mode file for STMicroelectronics.X-CUBE-MEMS1.11.3.0
2025-11-08 11:12:13,303 [WARN] PackLoader:240 - Cannot read IP mode file for STMicroelectronics.X-CUBE-PM33A1.1.0.0
2025-11-08 11:12:13,308 [WARN] PackLoader:240 - Cannot read IP mode file for STMicroelectronics.X-CUBE-AZRTOS-F4.1.1.0
2025-11-08 11:12:13,311 [WARN] PackLoader:240 - Cannot read IP mode file for Avnet-IotConnect.X-CUBE-IoTC-DA16k-PMOD.1.0.0
2025-11-08 11:12:13,312 [WARN] PackLoader:240 - Cannot read IP mode file for STMicroelectronics.X-CUBE-ISPU.2.1.0
2025-11-08 11:12:13,317 [WARN] PackLoader:240 - Cannot read IP mode file for STMicroelectronics.X-CUBE-IPS.3.2.0
2025-11-08 11:12:13,322 [WARN] PackLoader:240 - Cannot read IP mode file for STMicroelectronics.X-CUBE-NFC12.1.0.0
2025-11-08 11:12:13,329 [WARN] PackLoader:240 - Cannot read IP mode file for STMicroelectronics.X-CUBE-AZRTOS-L5.2.0.0
2025-11-08 11:12:13,333 [WARN] PackLoader:240 - Cannot read IP mode file for STMicroelectronics.X-CUBE-NFC6.3.1.0
2025-11-08 11:12:13,337 [WARN] PackLoader:240 - Cannot read IP mode file for STMicroelectronics.X-CUBE-FREERTOS.1.3.1
2025-11-08 11:12:13,340 [WARN] PackLoader:240 - Cannot read IP mode file for STMicroelectronics.X-CUBE-TOUCHGFX.4.26.0
2025-11-08 11:12:13,343 [WARN] PackLoader:240 - Cannot read IP mode file for STMicroelectronics.FP-SNS-STAIOTCFT.1.0.0
2025-11-08 11:12:13,345 [WARN] PackLoader:240 - Cannot read IP mode file for STMicroelectronics.X-CUBE-DPower.1.3.0
2025-11-08 11:12:13,357 [WARN] ConditionMgr:438 - getConditionDescription Invalid condition id : LAN8742 Phy interface Condition cause : null
2025-11-08 11:12:13,358 [WARN] PackLoader:240 - Cannot read IP mode file for STMicroelectronics.X-CUBE-AZRTOS-L4.2.0.0
2025-11-08 11:12:13,358 [WARN] ConditionMgr:1044 - genDependencies : Invalid condition id : LAN8742 Phy interface Condition cause : null
2025-11-08 11:12:13,358 [WARN] ConditionMgr:1044 - genDependencies : Invalid condition id : LAN8742 Phy interface Condition cause : null
2025-11-08 11:12:13,359 [WARN] ConditionMgr:1044 - genDependencies : Invalid condition id : LAN8742 Phy interface Condition cause : null
2025-11-08 11:12:13,363 [WARN] PackLoader:240 - Cannot read IP mode file for STMicroelectronics.X-CUBE-SFXS2LP1.4.0.0
2025-11-08 11:12:13,370 [WARN] PackLoader:240 - Cannot read IP mode file for STMicroelectronics.X-CUBE-BLEMGR.4.1.0
2025-11-08 11:12:13,379 [WARN] ConditionMgr:438 - getConditionDescription Invalid condition id : UX DEVICE CLASS RTOS Condition cause : null
2025-11-08 11:12:13,379 [WARN] ConditionMgr:438 - getConditionDescription Invalid condition id : UX DEVICE CLASS RTOS Condition cause : null
2025-11-08 11:12:13,380 [WARN] PackLoader:240 - Cannot read IP mode file for STMicroelectronics.X-CUBE-AZRTOS-WB.2.0.0
2025-11-08 11:12:13,380 [WARN] ConditionMgr:1044 - genDependencies : Invalid condition id : UX DEVICE CLASS RTOS Condition cause : null
2025-11-08 11:12:13,380 [WARN] ConditionMgr:1044 - genDependencies : Invalid condition id : UX DEVICE CLASS RTOS Condition cause : null
2025-11-08 11:12:13,380 [WARN] ConditionMgr:1044 - genDependencies : Invalid condition id : UX DEVICE CLASS RTOS Condition cause : null
2025-11-08 11:12:13,381 [WARN] ConditionMgr:1044 - genDependencies : Invalid condition id : UX DEVICE CLASS RTOS Condition cause : null
2025-11-08 11:12:13,381 [WARN] ConditionMgr:1044 - genDependencies : Invalid condition id : UX DEVICE CLASS RTOS Condition cause : null
2025-11-08 11:12:13,383 [WARN] PackLoader:240 - Cannot read IP mode file for STMicroelectronics.X-CUBE-GNSS1.7.0.1
2025-11-08 11:12:13,386 [WARN] PackLoader:240 - Cannot read IP mode file for STMicroelectronics.X-CUBE-TOUCHGFX.4.25.0
2025-11-08 11:12:13,388 [WARN] ConditionMgr:438 - getConditionDescription Invalid condition id : Cortex-A Device cause : null
2025-11-08 11:12:13,396 [WARN] ConditionMgr:1044 - genDependencies : Invalid condition id : Cortex-A Device cause : null
2025-11-08 11:12:13,396 [WARN] ConditionMgr:1044 - genDependencies : Invalid condition id : Cortex-A Device cause : null
2025-11-08 11:12:13,396 [WARN] ConditionMgr:1044 - genDependencies : Invalid condition id : Cortex-A Device cause : null
2025-11-08 11:12:13,401 [WARN] PackLoader:240 - Cannot read IP mode file for STMicroelectronics.X-CUBE-SUBG2.5.0.0
2025-11-08 11:12:13,413 [WARN] PackLoader:240 - Cannot read IP mode file for STMicroelectronics.X-CUBE-AZRTOS-H7RS.1.1.0
2025-11-08 11:12:13,417 [WARN] PackLoader:240 - Cannot read IP mode file for Cesanta.I-CUBE-Mongoose.7.13.0
2025-11-08 11:12:13,422 [WARN] PackLoader:240 - Cannot read IP mode file for STMicroelectronics.X-CUBE-AZRTOS-G4.2.0.0
2025-11-08 11:12:13,425 [WARN] PackLoader:240 - Cannot read IP mode file for wolfSSL.I-CUBE-wolfSSH.1.4.20
2025-11-08 11:12:13,428 [WARN] PackLoader:240 - Cannot read IP mode file for STMicroelectronics.X-CUBE-NFC7.2.0.0
2025-11-08 11:12:13,434 [WARN] PackLoader:240 - Cannot read IP mode file for STMicroelectronics.X-CUBE-IPS.3.1.0
2025-11-08 11:12:13,438 [WARN] PackLoader:240 - Cannot read IP mode file for STMicroelectronics.X-CUBE-ALS.1.0.2
2025-11-08 11:12:13,442 [WARN] PackLoader:240 - Cannot read IP mode file for STMicroelectronics.X-CUBE-STSE01.1.0.0
2025-11-08 11:12:13,444 [WARN] PackLoader:240 - Cannot read IP mode file for portGmbH.I-Cube-SoM-uGOAL.1.1.0
2025-11-08 11:12:13,448 [WARN] PackLoader:240 - Cannot read IP mode file for STMicroelectronics.X-CUBE-TOF1.3.4.3
2025-11-08 11:12:13,453 [INFO] ThirdParty:978 - Integrity check success = true
2025-11-08 11:12:13,453 [INFO] IntegrityCheckThread:100 - exiting critical section [integrity check]
2025-11-08 11:12:13,453 [INFO] IntegrityCheckThread:103 - End integrity checks thread
2025-11-08 11:12:13,484 [INFO] WebApp:169 - Instantiating new browser for Auth
2025-11-08 11:12:13,944 [INFO] WebApp:463 - Apply proxy settings
2025-11-08 11:12:13,944 [INFO] WebApp:548 - Chromium requires no authentication
2025-11-08 11:12:13,951 [INFO] WebApp:491 - Direct internet connection detected
2025-11-08 11:12:13,965 [INFO] WebApp:900 - Register for checkConnection events
2025-11-08 11:12:13,965 [INFO] WebApp:463 - Apply proxy settings
2025-11-08 11:12:13,965 [INFO] WebApp:548 - Chromium requires no authentication
2025-11-08 11:12:13,965 [INFO] WebApp:491 - Direct internet connection detected
2025-11-08 11:12:14,065 [INFO] WebApp:225 - Starting web application
2025-11-08 11:12:14,065 [INFO] WebApp:593 - Web application path used C:\ST\STM32CubeIDE_1.19.0\STM32CubeIDE\plugins\com.st.stm32cube.common.mx_6.15.0.202507011659\db\plugins\mcufinder\reactClient1\index.html
2025-11-08 11:12:14,157 [INFO] UserAuth:487 - Internet connection configuration mode: 1
2025-11-08 11:12:14,253 [INFO] WebApp:191 - Connection restablished
2025-11-08 16:04:34,758 [ERROR] LogOutputStream:75 - [STDERR_REDIRECT] 
